{"/Users/kderevenko/Documents/shop/src/App.jsx": {"path":"/Users/kderevenko/Documents/shop/src/App.jsx","statementMap":{"0":{"start":{"line":1,"column":0},"end":{"line":null,"column":-1}},"1":{"start":{"line":2,"column":0},"end":{"line":null,"column":-1}},"2":{"start":{"line":3,"column":0},"end":{"line":null,"column":-1}},"3":{"start":{"line":4,"column":0},"end":{"line":null,"column":-1}},"4":{"start":{"line":5,"column":0},"end":{"line":null,"column":-1}},"5":{"start":{"line":6,"column":0},"end":{"line":null,"column":-1}},"6":{"start":{"line":8,"column":0},"end":{"line":null,"column":-1}},"7":{"start":{"line":10,"column":20},"end":{"line":10,"column":0}},"8":{"start":{"line":12,"column":0},"end":{"line":null,"column":-1}},"9":{"start":{"line":17,"column":21},"end":{"line":17,"column":0}},"10":{"start":{"line":22,"column":46},"end":{"line":22,"column":45}},"11":{"start":{"line":23,"column":2},"end":{"line":null,"column":-1}},"12":{"start":{"line":35,"column":0},"end":{"line":null,"column":-1}},"13":{"start":{"line":36,"column":0},"end":{"line":null,"column":-1}},"14":{"start":{"line":37,"column":0},"end":{"line":null,"column":-1}}},"fnMap":{"0":{"name":"App","decl":{"start":{"line":22,"column":24},"end":{"line":22,"column":15}},"loc":{"start":{"line":22,"column":46},"end":{"line":33,"column":1}}}},"branchMap":{"0":{"loc":{"start":{"line":12,"column":18},"end":{"line":12,"column":0}},"type":"cond-expr","locations":[{"start":{"line":12,"column":18},"end":{"line":12,"column":0}},{"start":{"line":12,"column":0},"end":{"line":null,"column":-1}}]},"1":{"loc":{"start":{"line":36,"column":16},"end":{"line":36,"column":0}},"type":"cond-expr","locations":[{"start":{"line":36,"column":16},"end":{"line":36,"column":0}},{"start":{"line":36,"column":0},"end":{"line":null,"column":-1}}]}},"s":{"0":0,"1":0,"2":0,"3":0,"4":0,"5":0,"6":0,"7":0,"8":0,"9":0,"10":0,"11":0,"12":0,"13":0,"14":0},"f":{"0":0},"b":{"0":[0,0],"1":[0,0]}}
,"/Users/kderevenko/Documents/shop/src/index.jsx": {"path":"/Users/kderevenko/Documents/shop/src/index.jsx","statementMap":{"0":{"start":{"line":1,"column":0},"end":{"line":null,"column":-1}},"1":{"start":{"line":2,"column":0},"end":{"line":null,"column":-1}},"2":{"start":{"line":3,"column":0},"end":{"line":null,"column":-1}},"3":{"start":{"line":5,"column":0},"end":{"line":null,"column":-1}}},"fnMap":{},"branchMap":{},"s":{"0":0,"1":0,"2":0,"3":0},"f":{},"b":{}}
,"/Users/kderevenko/Documents/shop/src/actions/addToCart.js": {"path":"/Users/kderevenko/Documents/shop/src/actions/addToCart.js","statementMap":{"0":{"start":{"line":1,"column":0},"end":{"line":null,"column":-1}},"1":{"start":{"line":3,"column":18},"end":{"line":3,"column":0}},"2":{"start":{"line":3,"column":46},"end":{"line":null,"column":-1}}},"fnMap":{"0":{"name":"(anonymous_0)","decl":{"start":{"line":3,"column":46},"end":{"line":null,"column":-1}},"loc":{"start":{"line":3,"column":46},"end":{"line":3,"column":18}}}},"branchMap":{},"s":{"0":0,"1":0,"2":0},"f":{"0":0},"b":{}}
,"/Users/kderevenko/Documents/shop/src/actions/fetchProducts.js": {"path":"/Users/kderevenko/Documents/shop/src/actions/fetchProducts.js","statementMap":{"0":{"start":{"line":1,"column":0},"end":{"line":null,"column":-1}},"1":{"start":{"line":2,"column":0},"end":{"line":null,"column":-1}},"2":{"start":{"line":3,"column":0},"end":{"line":null,"column":-1}},"3":{"start":{"line":5,"column":6},"end":{"line":5,"column":0}},"4":{"start":{"line":5,"column":23},"end":{"line":null,"column":-1}},"5":{"start":{"line":5,"column":6},"end":{"line":null,"column":-1}},"6":{"start":{"line":7,"column":27},"end":{"line":7,"column":0}},"7":{"start":{"line":9,"column":6},"end":{"line":9,"column":0}},"8":{"start":{"line":9,"column":22},"end":{"line":null,"column":-1}},"9":{"start":{"line":9,"column":28},"end":{"line":null,"column":-1}},"10":{"start":{"line":9,"column":6},"end":{"line":null,"column":-1}},"11":{"start":{"line":11,"column":0},"end":{"line":null,"column":-1}}},"fnMap":{"0":{"name":"(anonymous_1)","decl":{"start":{"line":5,"column":6},"end":{"line":null,"column":-1}},"loc":{"start":{"line":5,"column":6},"end":{"line":5,"column":-1}}},"1":{"name":"payloadCreator","decl":{"start":{"line":5,"column":6},"end":{"line":5,"column":23}},"loc":{"start":{"line":5,"column":23},"end":{"line":null,"column":-1}}},"2":{"name":"(anonymous_3)","decl":{"start":{"line":9,"column":6},"end":{"line":null,"column":-1}},"loc":{"start":{"line":9,"column":6},"end":{"line":9,"column":-1}}},"3":{"name":"fetchProducts","decl":{"start":{"line":9,"column":6},"end":{"line":9,"column":22}},"loc":{"start":{"line":9,"column":22},"end":{"line":null,"column":-1}}},"4":{"name":"(anonymous_5)","decl":{"start":{"line":9,"column":28},"end":{"line":9,"column":28}},"loc":{"start":{"line":9,"column":28},"end":{"line":9,"column":22}}}},"branchMap":{},"s":{"0":0,"1":0,"2":0,"3":0,"4":0,"5":0,"6":0,"7":0,"8":0,"9":0,"10":0,"11":0},"f":{"0":0,"1":0,"2":0,"3":0,"4":0},"b":{}}
,"/Users/kderevenko/Documents/shop/src/components/HOCs/withError.jsx": {"path":"/Users/kderevenko/Documents/shop/src/components/HOCs/withError.jsx","statementMap":{"0":{"start":{"line":4,"column":22},"end":{"line":4,"column":106}},"1":{"start":{"line":8,"column":6},"end":{"line":8,"column":31}},"2":{"start":{"line":12,"column":6},"end":{"line":12,"column":50}},"3":{"start":{"line":16,"column":2},"end":{"line":16,"column":38}},"4":{"start":{"line":18,"column":2},"end":{"line":18,"column":19}}},"fnMap":{"0":{"name":"withError","decl":{"start":{"line":3,"column":9},"end":{"line":3,"column":18}},"loc":{"start":{"line":3,"column":50},"end":{"line":19,"column":1}},"line":3},"1":{"name":"(anonymous_1)","decl":{"start":{"line":7,"column":4},"end":{"line":7,"column":5}},"loc":{"start":{"line":7,"column":35},"end":{"line":9,"column":5}},"line":7},"2":{"name":"(anonymous_2)","decl":{"start":{"line":11,"column":4},"end":{"line":11,"column":5}},"loc":{"start":{"line":11,"column":13},"end":{"line":13,"column":5}},"line":11}},"branchMap":{"0":{"loc":{"start":{"line":4,"column":35},"end":{"line":4,"column":103}},"type":"binary-expr","locations":[{"start":{"line":4,"column":35},"end":{"line":4,"column":63}},{"start":{"line":4,"column":67},"end":{"line":4,"column":88}},{"start":{"line":4,"column":92},"end":{"line":4,"column":103}}],"line":4}},"s":{"0":0,"1":0,"2":0,"3":0,"4":0},"f":{"0":0,"1":0,"2":0},"b":{"0":[0,0,0]},"_coverageSchema":"332fd63041d2c1bcb487cc26dd0d5f7d97098a6c","hash":"df1ea87b5aa873948f34181b6ff947802f907468"}
,"/Users/kderevenko/Documents/shop/src/components/HOCs/withToggle.jsx": {"path":"/Users/kderevenko/Documents/shop/src/components/HOCs/withToggle.jsx","statementMap":{"0":{"start":{"line":5,"column":18},"end":{"line":7,"column":1}},"1":{"start":{"line":10,"column":22},"end":{"line":10,"column":107}},"2":{"start":{"line":12,"column":23},"end":{"line":14,"column":3}},"3":{"start":{"line":18,"column":6},"end":{"line":18,"column":19}},"4":{"start":{"line":20,"column":6},"end":{"line":20,"column":53}},"5":{"start":{"line":22,"column":6},"end":{"line":22,"column":48}},"6":{"start":{"line":26,"column":26},"end":{"line":26,"column":36}},"7":{"start":{"line":29,"column":6},"end":{"line":31,"column":7}},"8":{"start":{"line":30,"column":8},"end":{"line":30,"column":23}},"9":{"start":{"line":33,"column":6},"end":{"line":33,"column":72}},"10":{"start":{"line":33,"column":34},"end":{"line":33,"column":69}},"11":{"start":{"line":37,"column":35},"end":{"line":37,"column":45}},"12":{"start":{"line":38,"column":28},"end":{"line":38,"column":38}},"13":{"start":{"line":40,"column":6},"end":{"line":40,"column":91}},"14":{"start":{"line":44,"column":2},"end":{"line":44,"column":39}},"15":{"start":{"line":45,"column":2},"end":{"line":45,"column":35}},"16":{"start":{"line":46,"column":2},"end":{"line":46,"column":41}},"17":{"start":{"line":48,"column":2},"end":{"line":48,"column":20}}},"fnMap":{"0":{"name":"withToggle","decl":{"start":{"line":9,"column":9},"end":{"line":9,"column":19}},"loc":{"start":{"line":9,"column":38},"end":{"line":49,"column":1}},"line":9},"1":{"name":"(anonymous_1)","decl":{"start":{"line":17,"column":4},"end":{"line":17,"column":5}},"loc":{"start":{"line":17,"column":23},"end":{"line":23,"column":5}},"line":17},"2":{"name":"(anonymous_2)","decl":{"start":{"line":25,"column":4},"end":{"line":25,"column":5}},"loc":{"start":{"line":25,"column":23},"end":{"line":34,"column":5}},"line":25},"3":{"name":"(anonymous_3)","decl":{"start":{"line":33,"column":20},"end":{"line":33,"column":21}},"loc":{"start":{"line":33,"column":34},"end":{"line":33,"column":69}},"line":33},"4":{"name":"(anonymous_4)","decl":{"start":{"line":36,"column":4},"end":{"line":36,"column":5}},"loc":{"start":{"line":36,"column":13},"end":{"line":41,"column":5}},"line":36}},"branchMap":{"0":{"loc":{"start":{"line":10,"column":36},"end":{"line":10,"column":104}},"type":"binary-expr","locations":[{"start":{"line":10,"column":36},"end":{"line":10,"column":64}},{"start":{"line":10,"column":68},"end":{"line":10,"column":89}},{"start":{"line":10,"column":93},"end":{"line":10,"column":104}}],"line":10},"1":{"loc":{"start":{"line":29,"column":6},"end":{"line":31,"column":7}},"type":"if","locations":[{"start":{"line":29,"column":6},"end":{"line":31,"column":7}},{"start":{"line":29,"column":6},"end":{"line":31,"column":7}}],"line":29}},"s":{"0":1,"1":0,"2":0,"3":0,"4":0,"5":0,"6":0,"7":0,"8":0,"9":0,"10":0,"11":0,"12":0,"13":0,"14":0,"15":0,"16":0,"17":0},"f":{"0":0,"1":0,"2":0,"3":0,"4":0},"b":{"0":[0,0,0],"1":[0,0]},"_coverageSchema":"332fd63041d2c1bcb487cc26dd0d5f7d97098a6c","hash":"6a1da72875d535d0543d80f3ea2c85c85bb5186c"}
,"/Users/kderevenko/Documents/shop/src/components/controls/BuggyControl.jsx": {"path":"/Users/kderevenko/Documents/shop/src/components/controls/BuggyControl.jsx","statementMap":{"0":{"start":{"line":1,"column":0},"end":{"line":null,"column":-1}},"1":{"start":{"line":3,"column":20},"end":{"line":3,"column":0}},"2":{"start":{"line":6,"column":2},"end":{"line":null,"column":-1}},"3":{"start":{"line":9,"column":0},"end":{"line":null,"column":-1}},"4":{"start":{"line":13,"column":2},"end":{"line":null,"column":-1}}},"fnMap":{"0":{"name":"BuggyControl","decl":{"start":{"line":5,"column":9},"end":{"line":5,"column":0}},"loc":{"start":{"line":5,"column":24},"end":{"line":7,"column":1}}},"1":{"name":"(anonymous_1)","decl":{"start":{"line":11,"column":39},"end":{"line":11,"column":44}},"loc":{"start":{"line":11,"column":45},"end":{"line":11,"column":15}}}},"branchMap":{},"s":{"0":0,"1":0,"2":0,"3":0,"4":0},"f":{"0":0,"1":0},"b":{}}
,"/Users/kderevenko/Documents/shop/src/components/controls/Button.jsx": {"path":"/Users/kderevenko/Documents/shop/src/components/controls/Button.jsx","statementMap":{"0":{"start":{"line":5,"column":20},"end":{"line":5,"column":28}},"1":{"start":{"line":7,"column":18},"end":{"line":12,"column":1}},"2":{"start":{"line":14,"column":21},"end":{"line":19,"column":1}},"3":{"start":{"line":24,"column":2},"end":{"line":28,"column":4}},"4":{"start":{"line":31,"column":0},"end":{"line":31,"column":37}},"5":{"start":{"line":32,"column":0},"end":{"line":32,"column":33}},"6":{"start":{"line":33,"column":0},"end":{"line":33,"column":39}},"7":{"start":{"line":35,"column":28},"end":{"line":37,"column":2}},"8":{"start":{"line":35,"column":52},"end":{"line":37,"column":1}}},"fnMap":{"0":{"name":"ButtonBase","decl":{"start":{"line":21,"column":16},"end":{"line":21,"column":26}},"loc":{"start":{"line":23,"column":3},"end":{"line":29,"column":1}},"line":23},"1":{"name":"(anonymous_1)","decl":{"start":{"line":35,"column":28},"end":{"line":35,"column":29}},"loc":{"start":{"line":35,"column":52},"end":{"line":37,"column":1}},"line":35}},"branchMap":{"0":{"loc":{"start":{"line":36,"column":19},"end":{"line":36,"column":66}},"type":"cond-expr","locations":[{"start":{"line":36,"column":28},"end":{"line":36,"column":45}},{"start":{"line":36,"column":48},"end":{"line":36,"column":66}}],"line":36}},"s":{"0":1,"1":1,"2":1,"3":1,"4":1,"5":1,"6":1,"7":1,"8":2},"f":{"0":1,"1":2},"b":{"0":[1,1]},"_coverageSchema":"332fd63041d2c1bcb487cc26dd0d5f7d97098a6c","hash":"365929cebf231f35ff7664fb54d30cdf935cb513"}
,"/Users/kderevenko/Documents/shop/src/components/controls/ToggleButton.js": {"path":"/Users/kderevenko/Documents/shop/src/components/controls/ToggleButton.js","statementMap":{"0":{"start":{"line":1,"column":0},"end":{"line":null,"column":-1}},"1":{"start":{"line":2,"column":0},"end":{"line":null,"column":-1}},"2":{"start":{"line":4,"column":20},"end":{"line":4,"column":0}},"3":{"start":{"line":6,"column":21},"end":{"line":6,"column":0}},"4":{"start":{"line":6,"column":39},"end":{"line":6,"column":38}},"5":{"start":{"line":6,"column":39},"end":{"line":null,"column":-1}},"6":{"start":{"line":10,"column":0},"end":{"line":null,"column":-1}}},"fnMap":{"0":{"name":"(anonymous_1)","decl":{"start":{"line":6,"column":39},"end":{"line":6,"column":39}},"loc":{"start":{"line":6,"column":39},"end":{"line":6,"column":21}}}},"branchMap":{"0":{"loc":{"start":{"line":7,"column":25},"end":{"line":7,"column":15}},"type":"cond-expr","locations":[{"start":{"line":7,"column":25},"end":{"line":7,"column":15}},{"start":{"line":7,"column":46},"end":{"line":7,"column":52}}]}},"s":{"0":0,"1":0,"2":0,"3":0,"4":0,"5":0,"6":0},"f":{"0":0},"b":{"0":[0,0]}}
,"/Users/kderevenko/Documents/shop/src/components/pages/ReactJS/ReactJS.jsx": {"path":"/Users/kderevenko/Documents/shop/src/components/pages/ReactJS/ReactJS.jsx","statementMap":{"0":{"start":{"line":1,"column":0},"end":{"line":null,"column":-1}},"1":{"start":{"line":2,"column":0},"end":{"line":null,"column":-1}},"2":{"start":{"line":4,"column":20},"end":{"line":4,"column":0}},"3":{"start":{"line":7,"column":2},"end":{"line":null,"column":-1}},"4":{"start":{"line":20,"column":0},"end":{"line":null,"column":-1}}},"fnMap":{"0":{"name":"ReactJS","decl":{"start":{"line":6,"column":9},"end":{"line":6,"column":0}},"loc":{"start":{"line":6,"column":19},"end":{"line":18,"column":1}}}},"branchMap":{},"s":{"0":0,"1":0,"2":0,"3":0,"4":0},"f":{"0":0},"b":{}}
,"/Users/kderevenko/Documents/shop/src/components/pages/Redux/Redux.jsx": {"path":"/Users/kderevenko/Documents/shop/src/components/pages/Redux/Redux.jsx","statementMap":{"0":{"start":{"line":1,"column":0},"end":{"line":null,"column":-1}},"1":{"start":{"line":2,"column":0},"end":{"line":null,"column":-1}},"2":{"start":{"line":3,"column":0},"end":{"line":null,"column":-1}},"3":{"start":{"line":5,"column":20},"end":{"line":5,"column":0}},"4":{"start":{"line":7,"column":0},"end":{"line":null,"column":-1}},"5":{"start":{"line":17,"column":3},"end":{"line":17,"column":2}},"6":{"start":{"line":18,"column":2},"end":{"line":null,"column":-1}},"7":{"start":{"line":24,"column":24},"end":{"line":null,"column":-1}},"8":{"start":{"line":32,"column":0},"end":{"line":null,"column":-1}},"9":{"start":{"line":33,"column":0},"end":{"line":null,"column":-1}}},"fnMap":{"0":{"name":"Redux","decl":{"start":{"line":15,"column":9},"end":{"line":15,"column":0}},"loc":{"start":{"line":17,"column":3},"end":{"line":30,"column":1}}},"1":{"name":"(anonymous_2)","decl":{"start":{"line":24,"column":24},"end":{"line":null,"column":-1}},"loc":{"start":{"line":24,"column":24},"end":{"line":24,"column":9}}}},"branchMap":{"0":{"loc":{"start":{"line":7,"column":18},"end":{"line":7,"column":0}},"type":"cond-expr","locations":[{"start":{"line":7,"column":18},"end":{"line":7,"column":0}},{"start":{"line":7,"column":0},"end":{"line":null,"column":-1}}]},"1":{"loc":{"start":{"line":33,"column":18},"end":{"line":33,"column":0}},"type":"cond-expr","locations":[{"start":{"line":33,"column":18},"end":{"line":33,"column":0}},{"start":{"line":33,"column":0},"end":{"line":null,"column":-1}}]}},"s":{"0":0,"1":0,"2":0,"3":0,"4":0,"5":0,"6":0,"7":0,"8":0,"9":0},"f":{"0":0,"1":0},"b":{"0":[0,0],"1":[0,0]}}
,"/Users/kderevenko/Documents/shop/src/components/pages/Redux/ReduxContainer.js": {"path":"/Users/kderevenko/Documents/shop/src/components/pages/Redux/ReduxContainer.js","statementMap":{"0":{"start":{"line":1,"column":0},"end":{"line":null,"column":-1}},"1":{"start":{"line":5,"column":0},"end":{"line":null,"column":-1}},"2":{"start":{"line":6,"column":0},"end":{"line":null,"column":-1}},"3":{"start":{"line":7,"column":0},"end":{"line":null,"column":-1}},"4":{"start":{"line":8,"column":0},"end":{"line":null,"column":-1}},"5":{"start":{"line":9,"column":0},"end":{"line":null,"column":-1}},"6":{"start":{"line":11,"column":13},"end":{"line":11,"column":7}},"7":{"start":{"line":14,"column":4},"end":{"line":null,"column":-1}},"8":{"start":{"line":17,"column":4},"end":{"line":null,"column":-1}},"9":{"start":{"line":26,"column":16},"end":{"line":26,"column":15}},"10":{"start":{"line":26,"column":16},"end":{"line":null,"column":-1}},"11":{"start":{"line":27,"column":6},"end":{"line":null,"column":-1}},"12":{"start":{"line":26,"column":4},"end":{"line":null,"column":-1}},"13":{"start":{"line":29,"column":25},"end":{"line":29,"column":24}},"14":{"start":{"line":29,"column":25},"end":{"line":null,"column":-1}},"15":{"start":{"line":30,"column":6},"end":{"line":null,"column":-1}},"16":{"start":{"line":29,"column":4},"end":{"line":null,"column":-1}},"17":{"start":{"line":35,"column":6},"end":{"line":null,"column":-1}},"18":{"start":{"line":33,"column":12},"end":{"line":null,"column":-1}},"19":{"start":{"line":38,"column":11},"end":{"line":null,"column":-1}}},"fnMap":{"0":{"name":"(anonymous_1)","decl":{"start":{"line":14,"column":4},"end":{"line":null,"column":-1}},"loc":{"start":{"line":14,"column":4},"end":{"line":13,"column":2}}},"1":{"name":"(anonymous_2)","decl":{"start":{"line":17,"column":4},"end":{"line":null,"column":-1}},"loc":{"start":{"line":17,"column":4},"end":{"line":13,"column":2}}},"2":{"name":"(anonymous_3)","decl":{"start":{"line":26,"column":4},"end":{"line":null,"column":-1}},"loc":{"start":{"line":26,"column":4},"end":{"line":25,"column":14}}},"3":{"name":"changeName","decl":{"start":{"line":26,"column":16},"end":{"line":null,"column":-1}},"loc":{"start":{"line":26,"column":16},"end":{"line":null,"column":-1}}},"4":{"name":"(anonymous_5)","decl":{"start":{"line":26,"column":33},"end":{"line":26,"column":33}},"loc":{"start":{"line":26,"column":44},"end":{"line":26,"column":16}}},"5":{"name":"(anonymous_6)","decl":{"start":{"line":29,"column":4},"end":{"line":null,"column":-1}},"loc":{"start":{"line":29,"column":4},"end":{"line":null,"column":-1}}},"6":{"name":"handleFetchProducts","decl":{"start":{"line":29,"column":25},"end":{"line":null,"column":-1}},"loc":{"start":{"line":29,"column":25},"end":{"line":null,"column":-1}}},"7":{"name":"(anonymous_8)","decl":{"start":{"line":29,"column":56},"end":{"line":29,"column":61}},"loc":{"start":{"line":29,"column":62},"end":{"line":29,"column":25}}},"8":{"name":"(anonymous_9)","decl":{"start":{"line":33,"column":12},"end":{"line":null,"column":-1}},"loc":{"start":{"line":33,"column":12},"end":{"line":null,"column":-1}}},"9":{"name":"componentWillMount","decl":{"start":{"line":33,"column":12},"end":{"line":34,"column":24}},"loc":{"start":{"line":34,"column":25},"end":{"line":36,"column":5}}},"10":{"name":"(anonymous_11)","decl":{"start":{"line":38,"column":11},"end":{"line":null,"column":-1}},"loc":{"start":{"line":38,"column":11},"end":{"line":38,"column":2}}}},"branchMap":{},"s":{"0":0,"1":0,"2":0,"3":0,"4":0,"5":0,"6":0,"7":0,"8":0,"9":0,"10":0,"11":0,"12":0,"13":0,"14":0,"15":0,"16":0,"17":0,"18":0,"19":0},"f":{"0":0,"1":0,"2":0,"3":0,"4":0,"5":0,"6":0,"7":0,"8":0,"9":0,"10":0},"b":{}}
,"/Users/kderevenko/Documents/shop/src/components/widgets/CartIcon/CartIcon.jsx": {"path":"/Users/kderevenko/Documents/shop/src/components/widgets/CartIcon/CartIcon.jsx","statementMap":{"0":{"start":{"line":1,"column":0},"end":{"line":null,"column":-1}},"1":{"start":{"line":2,"column":0},"end":{"line":null,"column":-1}},"2":{"start":{"line":3,"column":0},"end":{"line":null,"column":-1}},"3":{"start":{"line":5,"column":28},"end":{"line":5,"column":27}},"4":{"start":{"line":6,"column":2},"end":{"line":null,"column":-1}},"5":{"start":{"line":14,"column":0},"end":{"line":null,"column":-1}},"6":{"start":{"line":15,"column":0},"end":{"line":null,"column":-1}}},"fnMap":{"0":{"name":"CartIcon","decl":{"start":{"line":5,"column":9},"end":{"line":5,"column":0}},"loc":{"start":{"line":5,"column":28},"end":{"line":12,"column":1}}}},"branchMap":{},"s":{"0":0,"1":0,"2":0,"3":0,"4":0,"5":0,"6":0},"f":{"0":0},"b":{}}
,"/Users/kderevenko/Documents/shop/src/components/widgets/CartIcon/CartIconContainer.jsx": {"path":"/Users/kderevenko/Documents/shop/src/components/widgets/CartIcon/CartIconContainer.jsx","statementMap":{"0":{"start":{"line":1,"column":0},"end":{"line":null,"column":-1}},"1":{"start":{"line":4,"column":0},"end":{"line":null,"column":-1}},"2":{"start":{"line":6,"column":0},"end":{"line":null,"column":-1}},"3":{"start":{"line":7,"column":0},"end":{"line":null,"column":-1}},"4":{"start":{"line":10,"column":13},"end":{"line":10,"column":7}},"5":{"start":{"line":13,"column":4},"end":{"line":null,"column":-1}}},"fnMap":{"0":{"name":"(anonymous_1)","decl":{"start":{"line":13,"column":4},"end":{"line":null,"column":-1}},"loc":{"start":{"line":13,"column":4},"end":{"line":12,"column":2}}}},"branchMap":{},"s":{"0":0,"1":0,"2":0,"3":0,"4":0,"5":0},"f":{"0":0},"b":{}}
,"/Users/kderevenko/Documents/shop/src/components/widgets/Product/ProductItem.jsx": {"path":"/Users/kderevenko/Documents/shop/src/components/widgets/Product/ProductItem.jsx","statementMap":{"0":{"start":{"line":1,"column":0},"end":{"line":null,"column":-1}},"1":{"start":{"line":2,"column":0},"end":{"line":null,"column":-1}},"2":{"start":{"line":4,"column":0},"end":{"line":null,"column":-1}},"3":{"start":{"line":6,"column":20},"end":{"line":6,"column":0}},"4":{"start":{"line":8,"column":0},"end":{"line":null,"column":-1}},"5":{"start":{"line":20,"column":3},"end":{"line":20,"column":2}},"6":{"start":{"line":21,"column":2},"end":{"line":null,"column":-1}},"7":{"start":{"line":35,"column":0},"end":{"line":null,"column":-1}},"8":{"start":{"line":36,"column":0},"end":{"line":null,"column":-1}}},"fnMap":{"0":{"name":"Product","decl":{"start":{"line":15,"column":9},"end":{"line":15,"column":0}},"loc":{"start":{"line":20,"column":3},"end":{"line":33,"column":1}}}},"branchMap":{"0":{"loc":{"start":{"line":8,"column":18},"end":{"line":8,"column":0}},"type":"cond-expr","locations":[{"start":{"line":8,"column":18},"end":{"line":8,"column":0}},{"start":{"line":8,"column":0},"end":{"line":null,"column":-1}}]},"1":{"loc":{"start":{"line":22,"column":4},"end":{"line":23,"column":5}},"type":"binary-expr","locations":[{"start":{"line":22,"column":4},"end":{"line":23,"column":5}},{"start":{"line":23,"column":6},"end":{"line":21,"column":2}}]},"2":{"loc":{"start":{"line":36,"column":20},"end":{"line":36,"column":0}},"type":"cond-expr","locations":[{"start":{"line":36,"column":20},"end":{"line":36,"column":0}},{"start":{"line":36,"column":0},"end":{"line":null,"column":-1}}]}},"s":{"0":0,"1":0,"2":0,"3":0,"4":0,"5":0,"6":0,"7":0,"8":0},"f":{"0":0},"b":{"0":[0,0],"1":[0,0],"2":[0,0]}}
,"/Users/kderevenko/Documents/shop/src/components/widgets/Product/ProductItemContainer.jsx": {"path":"/Users/kderevenko/Documents/shop/src/components/widgets/Product/ProductItemContainer.jsx","statementMap":{"0":{"start":{"line":1,"column":0},"end":{"line":null,"column":-1}},"1":{"start":{"line":4,"column":0},"end":{"line":null,"column":-1}},"2":{"start":{"line":5,"column":0},"end":{"line":null,"column":-1}},"3":{"start":{"line":6,"column":0},"end":{"line":null,"column":-1}},"4":{"start":{"line":8,"column":0},"end":{"line":null,"column":-1}},"5":{"start":{"line":9,"column":0},"end":{"line":null,"column":-1}},"6":{"start":{"line":11,"column":13},"end":{"line":11,"column":7}},"7":{"start":{"line":15,"column":4},"end":{"line":null,"column":-1}},"8":{"start":{"line":24,"column":17},"end":{"line":null,"column":-1}},"9":{"start":{"line":25,"column":6},"end":{"line":null,"column":-1}},"10":{"start":{"line":24,"column":4},"end":{"line":null,"column":-1}}},"fnMap":{"0":{"name":"(anonymous_1)","decl":{"start":{"line":15,"column":4},"end":{"line":null,"column":-1}},"loc":{"start":{"line":15,"column":4},"end":{"line":13,"column":2}}},"1":{"name":"(anonymous_2)","decl":{"start":{"line":24,"column":4},"end":{"line":null,"column":-1}},"loc":{"start":{"line":24,"column":4},"end":{"line":null,"column":-1}}},"2":{"name":"onAddToCart","decl":{"start":{"line":24,"column":17},"end":{"line":null,"column":-1}},"loc":{"start":{"line":24,"column":17},"end":{"line":null,"column":-1}}},"3":{"name":"(anonymous_4)","decl":{"start":{"line":24,"column":26},"end":{"line":24,"column":31}},"loc":{"start":{"line":24,"column":32},"end":{"line":24,"column":17}}}},"branchMap":{},"s":{"0":0,"1":0,"2":0,"3":0,"4":0,"5":0,"6":0,"7":0,"8":0,"9":0,"10":0},"f":{"0":0,"1":0,"2":0,"3":0},"b":{}}
,"/Users/kderevenko/Documents/shop/src/reducers/cart.js": {"path":"/Users/kderevenko/Documents/shop/src/reducers/cart.js","statementMap":{"0":{"start":{"line":1,"column":0},"end":{"line":null,"column":-1}},"1":{"start":{"line":2,"column":0},"end":{"line":null,"column":-1}},"2":{"start":{"line":3,"column":0},"end":{"line":null,"column":-1}},"3":{"start":{"line":5,"column":13},"end":{"line":5,"column":7}},"4":{"start":{"line":7,"column":23},"end":{"line":7,"column":0}},"5":{"start":{"line":9,"column":17},"end":{"line":null,"column":-1}}},"fnMap":{"0":{"name":"(anonymous_0)","decl":{"start":{"line":9,"column":17},"end":{"line":9,"column":17}},"loc":{"start":{"line":9,"column":17},"end":{"line":7,"column":23}}}},"branchMap":{},"s":{"0":0,"1":0,"2":0,"3":0,"4":0,"5":0},"f":{"0":0},"b":{}}
,"/Users/kderevenko/Documents/shop/src/reducers/products.js": {"path":"/Users/kderevenko/Documents/shop/src/reducers/products.js","statementMap":{"0":{"start":{"line":1,"column":0},"end":{"line":null,"column":-1}},"1":{"start":{"line":2,"column":0},"end":{"line":null,"column":-1}},"2":{"start":{"line":3,"column":0},"end":{"line":null,"column":-1}},"3":{"start":{"line":4,"column":0},"end":{"line":null,"column":-1}},"4":{"start":{"line":6,"column":13},"end":{"line":6,"column":7}},"5":{"start":{"line":8,"column":17},"end":{"line":8,"column":0}},"6":{"start":{"line":10,"column":39},"end":{"line":10,"column":38}},"7":{"start":{"line":10,"column":39},"end":{"line":null,"column":-1}},"8":{"start":{"line":8,"column":17},"end":{"line":null,"column":-1}}},"fnMap":{"0":{"name":"(anonymous_0)","decl":{"start":{"line":8,"column":17},"end":{"line":null,"column":-1}},"loc":{"start":{"line":8,"column":17},"end":{"line":12,"column":1}}},"1":{"name":"undefined","decl":{"start":{"line":10,"column":39},"end":{"line":10,"column":39}},"loc":{"start":{"line":10,"column":39},"end":{"line":null,"column":-1}}}},"branchMap":{},"s":{"0":0,"1":0,"2":0,"3":0,"4":0,"5":0,"6":0,"7":0,"8":0},"f":{"0":0,"1":0},"b":{}}
,"/Users/kderevenko/Documents/shop/src/reducers/userInfo.js": {"path":"/Users/kderevenko/Documents/shop/src/reducers/userInfo.js","statementMap":{"0":{"start":{"line":4,"column":36},"end":{"line":4,"column":64}},"1":{"start":{"line":6,"column":17},"end":{"line":6,"column":56}}},"fnMap":{},"branchMap":{},"s":{"0":1,"1":1},"f":{},"b":{},"_coverageSchema":"332fd63041d2c1bcb487cc26dd0d5f7d97098a6c","hash":"1243c994ce1177053b5ab774a4e9e1361919c1f8"}
,"/Users/kderevenko/Documents/shop/src/selectors/getFilter.js": {"path":"/Users/kderevenko/Documents/shop/src/selectors/getFilter.js","statementMap":{"0":{"start":{"line":1,"column":0},"end":{"line":null,"column":-1}},"1":{"start":{"line":3,"column":18},"end":{"line":3,"column":0}},"2":{"start":{"line":3,"column":33},"end":{"line":null,"column":-1}},"3":{"start":{"line":3,"column":63},"end":{"line":null,"column":-1}}},"fnMap":{"0":{"name":"(anonymous_0)","decl":{"start":{"line":3,"column":33},"end":{"line":null,"column":-1}},"loc":{"start":{"line":3,"column":33},"end":{"line":3,"column":18}}},"1":{"name":"(anonymous_1)","decl":{"start":{"line":3,"column":63},"end":{"line":null,"column":-1}},"loc":{"start":{"line":3,"column":63},"end":{"line":3,"column":18}}}},"branchMap":{},"s":{"0":0,"1":0,"2":0,"3":0},"f":{"0":0,"1":0},"b":{}}
,"/Users/kderevenko/Documents/shop/src/selectors/getProductCartCount.js": {"path":"/Users/kderevenko/Documents/shop/src/selectors/getProductCartCount.js","statementMap":{"0":{"start":{"line":1,"column":0},"end":{"line":null,"column":-1}},"1":{"start":{"line":2,"column":0},"end":{"line":null,"column":-1}},"2":{"start":{"line":4,"column":28},"end":{"line":4,"column":0}},"3":{"start":{"line":6,"column":2},"end":{"line":null,"column":-1}}},"fnMap":{"0":{"name":"(anonymous_1)","decl":{"start":{"line":6,"column":2},"end":{"line":null,"column":-1}},"loc":{"start":{"line":6,"column":2},"end":{"line":4,"column":28}}}},"branchMap":{},"s":{"0":0,"1":0,"2":0,"3":0},"f":{"0":0},"b":{}}
,"/Users/kderevenko/Documents/shop/src/selectors/getProductInCart.js": {"path":"/Users/kderevenko/Documents/shop/src/selectors/getProductInCart.js","statementMap":{"0":{"start":{"line":1,"column":0},"end":{"line":null,"column":-1}},"1":{"start":{"line":3,"column":25},"end":{"line":3,"column":0}},"2":{"start":{"line":3,"column":40},"end":{"line":null,"column":-1}},"3":{"start":{"line":3,"column":78},"end":{"line":null,"column":-1}}},"fnMap":{"0":{"name":"(anonymous_0)","decl":{"start":{"line":3,"column":40},"end":{"line":null,"column":-1}},"loc":{"start":{"line":3,"column":40},"end":{"line":3,"column":25}}},"1":{"name":"(anonymous_1)","decl":{"start":{"line":3,"column":78},"end":{"line":null,"column":-1}},"loc":{"start":{"line":3,"column":78},"end":{"line":3,"column":25}}}},"branchMap":{},"s":{"0":0,"1":0,"2":0,"3":0},"f":{"0":0,"1":0},"b":{}}
,"/Users/kderevenko/Documents/shop/src/selectors/getProducts.js": {"path":"/Users/kderevenko/Documents/shop/src/selectors/getProducts.js","statementMap":{"0":{"start":{"line":1,"column":0},"end":{"line":null,"column":-1}},"1":{"start":{"line":2,"column":0},"end":{"line":null,"column":-1}},"2":{"start":{"line":4,"column":20},"end":{"line":4,"column":0}},"3":{"start":{"line":5,"column":2},"end":{"line":null,"column":-1}},"4":{"start":{"line":7,"column":2},"end":{"line":null,"column":-1}},"5":{"start":{"line":8,"column":22},"end":{"line":null,"column":-1}}},"fnMap":{"0":{"name":"(anonymous_1)","decl":{"start":{"line":5,"column":2},"end":{"line":null,"column":-1}},"loc":{"start":{"line":5,"column":2},"end":{"line":4,"column":20}}},"1":{"name":"(anonymous_2)","decl":{"start":{"line":7,"column":2},"end":{"line":7,"column":2}},"loc":{"start":{"line":7,"column":2},"end":{"line":4,"column":20}}},"2":{"name":"(anonymous_3)","decl":{"start":{"line":8,"column":22},"end":{"line":null,"column":-1}},"loc":{"start":{"line":8,"column":22},"end":{"line":8,"column":6}}}},"branchMap":{"0":{"loc":{"start":{"line":8,"column":6},"end":{"line":7,"column":25}},"type":"cond-expr","locations":[{"start":{"line":8,"column":6},"end":{"line":7,"column":25}},{"start":{"line":12,"column":6},"end":{"line":7,"column":2}}]}},"s":{"0":0,"1":0,"2":0,"3":0,"4":0,"5":0},"f":{"0":0,"1":0,"2":0},"b":{"0":[0,0]}}
,"/Users/kderevenko/Documents/shop/src/selectors/getUserInfo.js": {"path":"/Users/kderevenko/Documents/shop/src/selectors/getUserInfo.js","statementMap":{"0":{"start":{"line":1,"column":0},"end":{"line":null,"column":-1}},"1":{"start":{"line":3,"column":20},"end":{"line":3,"column":0}},"2":{"start":{"line":3,"column":35},"end":{"line":null,"column":-1}},"3":{"start":{"line":3,"column":67},"end":{"line":null,"column":-1}}},"fnMap":{"0":{"name":"(anonymous_0)","decl":{"start":{"line":3,"column":35},"end":{"line":null,"column":-1}},"loc":{"start":{"line":3,"column":35},"end":{"line":3,"column":20}}},"1":{"name":"(anonymous_1)","decl":{"start":{"line":3,"column":67},"end":{"line":null,"column":-1}},"loc":{"start":{"line":3,"column":67},"end":{"line":3,"column":20}}}},"branchMap":{},"s":{"0":0,"1":0,"2":0,"3":0},"f":{"0":0,"1":0},"b":{}}
,"/Users/kderevenko/Documents/shop/src/store/store.js": {"path":"/Users/kderevenko/Documents/shop/src/store/store.js","statementMap":{"0":{"start":{"line":1,"column":0},"end":{"line":null,"column":-1}},"1":{"start":{"line":2,"column":0},"end":{"line":null,"column":-1}},"2":{"start":{"line":3,"column":0},"end":{"line":null,"column":-1}},"3":{"start":{"line":4,"column":0},"end":{"line":null,"column":-1}},"4":{"start":{"line":5,"column":0},"end":{"line":null,"column":-1}},"5":{"start":{"line":8,"column":0},"end":{"line":null,"column":-1}},"6":{"start":{"line":11,"column":25},"end":{"line":11,"column":0}},"7":{"start":{"line":13,"column":17},"end":{"line":13,"column":0}},"8":{"start":{"line":15,"column":13},"end":{"line":15,"column":7}},"9":{"start":{"line":21,"column":14},"end":{"line":21,"column":0}}},"fnMap":{},"branchMap":{"0":{"loc":{"start":{"line":11,"column":25},"end":{"line":11,"column":24}},"type":"binary-expr","locations":[{"start":{"line":11,"column":25},"end":{"line":11,"column":24}},{"start":{"line":11,"column":72},"end":{"line":11,"column":0}}]}},"s":{"0":0,"1":0,"2":0,"3":0,"4":0,"5":0,"6":0,"7":0,"8":0,"9":0},"f":{},"b":{"0":[0,0]}}
,"/Users/kderevenko/Documents/shop/src/themes/base/base.js": {"path":"/Users/kderevenko/Documents/shop/src/themes/base/base.js","statementMap":{"0":{"start":{"line":1,"column":13},"end":{"line":7,"column":1}}},"fnMap":{},"branchMap":{},"s":{"0":1},"f":{},"b":{},"_coverageSchema":"332fd63041d2c1bcb487cc26dd0d5f7d97098a6c","hash":"06456baaa92f478ba1eed30c10badd33dbfbf3d0"}
,"/Users/kderevenko/Documents/shop/src/themes/colored/colored.js": {"path":"/Users/kderevenko/Documents/shop/src/themes/colored/colored.js","statementMap":{"0":{"start":{"line":3,"column":16},"end":{"line":7,"column":1}}},"fnMap":{},"branchMap":{},"s":{"0":1},"f":{},"b":{},"_coverageSchema":"332fd63041d2c1bcb487cc26dd0d5f7d97098a6c","hash":"cb7379c01234fcb94541dbcf07d935c33fe81c2a"}
}
