{"/Users/kderevenko/Documents/Shop/src/App.jsx": {"path":"/Users/kderevenko/Documents/Shop/src/App.jsx","statementMap":{"0":{"start":{"line":1,"column":0},"end":{"line":null,"column":-1}},"1":{"start":{"line":2,"column":0},"end":{"line":null,"column":-1}},"2":{"start":{"line":3,"column":0},"end":{"line":null,"column":-1}},"3":{"start":{"line":4,"column":0},"end":{"line":null,"column":-1}},"4":{"start":{"line":5,"column":0},"end":{"line":null,"column":-1}},"5":{"start":{"line":6,"column":0},"end":{"line":null,"column":-1}},"6":{"start":{"line":7,"column":0},"end":{"line":null,"column":-1}},"7":{"start":{"line":8,"column":0},"end":{"line":null,"column":-1}},"8":{"start":{"line":10,"column":20},"end":{"line":10,"column":0}},"9":{"start":{"line":12,"column":0},"end":{"line":null,"column":-1}},"10":{"start":{"line":16,"column":21},"end":{"line":16,"column":0}},"11":{"start":{"line":20,"column":39},"end":{"line":20,"column":38}},"12":{"start":{"line":21,"column":2},"end":{"line":null,"column":-1}},"13":{"start":{"line":29,"column":20},"end":{"line":null,"column":-1}},"14":{"start":{"line":29,"column":12},"end":{"line":null,"column":-1}},"15":{"start":{"line":34,"column":23},"end":{"line":null,"column":-1}},"16":{"start":{"line":34,"column":12},"end":{"line":null,"column":-1}},"17":{"start":{"line":44,"column":0},"end":{"line":null,"column":-1}},"18":{"start":{"line":45,"column":0},"end":{"line":null,"column":-1}},"19":{"start":{"line":46,"column":0},"end":{"line":null,"column":-1}}},"fnMap":{"0":{"name":"App","decl":{"start":{"line":20,"column":24},"end":{"line":20,"column":15}},"loc":{"start":{"line":20,"column":39},"end":{"line":42,"column":1}}},"1":{"name":"(anonymous_2)","decl":{"start":{"line":29,"column":12},"end":{"line":null,"column":-1}},"loc":{"start":{"line":29,"column":12},"end":{"line":null,"column":-1}}},"2":{"name":"render","decl":{"start":{"line":29,"column":20},"end":{"line":null,"column":-1}},"loc":{"start":{"line":29,"column":20},"end":{"line":null,"column":-1}}},"3":{"name":"(anonymous_4)","decl":{"start":{"line":34,"column":12},"end":{"line":null,"column":-1}},"loc":{"start":{"line":34,"column":12},"end":{"line":null,"column":-1}}},"4":{"name":"component","decl":{"start":{"line":34,"column":23},"end":{"line":null,"column":-1}},"loc":{"start":{"line":34,"column":23},"end":{"line":null,"column":-1}}}},"branchMap":{"0":{"loc":{"start":{"line":12,"column":18},"end":{"line":12,"column":0}},"type":"cond-expr","locations":[{"start":{"line":12,"column":18},"end":{"line":12,"column":0}},{"start":{"line":12,"column":0},"end":{"line":null,"column":-1}}]},"1":{"loc":{"start":{"line":45,"column":16},"end":{"line":45,"column":0}},"type":"cond-expr","locations":[{"start":{"line":45,"column":16},"end":{"line":45,"column":0}},{"start":{"line":45,"column":0},"end":{"line":null,"column":-1}}]}},"s":{"0":0,"1":0,"2":0,"3":0,"4":0,"5":0,"6":0,"7":0,"8":0,"9":0,"10":0,"11":0,"12":0,"13":0,"14":0,"15":0,"16":0,"17":0,"18":0,"19":0},"f":{"0":0,"1":0,"2":0,"3":0,"4":0},"b":{"0":[0,0],"1":[0,0]}}
,"/Users/kderevenko/Documents/Shop/src/index.jsx": {"path":"/Users/kderevenko/Documents/Shop/src/index.jsx","statementMap":{"0":{"start":{"line":1,"column":0},"end":{"line":null,"column":-1}},"1":{"start":{"line":2,"column":0},"end":{"line":null,"column":-1}},"2":{"start":{"line":3,"column":0},"end":{"line":null,"column":-1}},"3":{"start":{"line":7,"column":0},"end":{"line":null,"column":-1}}},"fnMap":{},"branchMap":{},"s":{"0":0,"1":0,"2":0,"3":0},"f":{},"b":{}}
,"/Users/kderevenko/Documents/Shop/src/actions/addToCart.js": {"path":"/Users/kderevenko/Documents/Shop/src/actions/addToCart.js","statementMap":{"0":{"start":{"line":3,"column":18},"end":{"line":3,"column":61}},"1":{"start":{"line":3,"column":53},"end":{"line":3,"column":59}}},"fnMap":{"0":{"name":"(anonymous_0)","decl":{"start":{"line":3,"column":46},"end":{"line":3,"column":47}},"loc":{"start":{"line":3,"column":53},"end":{"line":3,"column":59}},"line":3}},"branchMap":{},"s":{"0":1,"1":2},"f":{"0":2},"b":{},"_coverageSchema":"332fd63041d2c1bcb487cc26dd0d5f7d97098a6c","hash":"996fc8ddbc75bccacda59b38d31404a2c678438c"}
,"/Users/kderevenko/Documents/Shop/src/actions/addUser.js": {"path":"/Users/kderevenko/Documents/Shop/src/actions/addUser.js","statementMap":{"0":{"start":{"line":3,"column":16},"end":{"line":3,"column":63}},"1":{"start":{"line":3,"column":50},"end":{"line":3,"column":61}}},"fnMap":{"0":{"name":"(anonymous_0)","decl":{"start":{"line":3,"column":41},"end":{"line":3,"column":42}},"loc":{"start":{"line":3,"column":50},"end":{"line":3,"column":61}},"line":3}},"branchMap":{},"s":{"0":1,"1":2},"f":{"0":2},"b":{},"_coverageSchema":"332fd63041d2c1bcb487cc26dd0d5f7d97098a6c","hash":"3442b3fdf76881b70d1bf4924550d76e15c590cd"}
,"/Users/kderevenko/Documents/Shop/src/actions/fetchProducts.js": {"path":"/Users/kderevenko/Documents/Shop/src/actions/fetchProducts.js","statementMap":{"0":{"start":{"line":5,"column":23},"end":{"line":5,"column":117}},"1":{"start":{"line":5,"column":33},"end":{"line":5,"column":117}},"2":{"start":{"line":7,"column":27},"end":{"line":7,"column":73}},"3":{"start":{"line":9,"column":22},"end":{"line":9,"column":119}},"4":{"start":{"line":9,"column":28},"end":{"line":9,"column":119}},"5":{"start":{"line":9,"column":52},"end":{"line":9,"column":119}},"6":{"start":{"line":11,"column":0},"end":{"line":11,"column":53}}},"fnMap":{"0":{"name":"(anonymous_0)","decl":{"start":{"line":5,"column":23},"end":{"line":5,"column":24}},"loc":{"start":{"line":5,"column":33},"end":{"line":5,"column":117}},"line":5},"1":{"name":"(anonymous_1)","decl":{"start":{"line":9,"column":22},"end":{"line":9,"column":23}},"loc":{"start":{"line":9,"column":28},"end":{"line":9,"column":119}},"line":9},"2":{"name":"(anonymous_2)","decl":{"start":{"line":9,"column":28},"end":{"line":9,"column":29}},"loc":{"start":{"line":9,"column":52},"end":{"line":9,"column":119}},"line":9}},"branchMap":{},"s":{"0":1,"1":2,"2":1,"3":1,"4":3,"5":2,"6":1},"f":{"0":2,"1":3,"2":2},"b":{},"_coverageSchema":"332fd63041d2c1bcb487cc26dd0d5f7d97098a6c","hash":"424c73b419551c85bfeddce740e5dc58336e2a9e"}
,"/Users/kderevenko/Documents/Shop/src/actions/minusItem.js": {"path":"/Users/kderevenko/Documents/Shop/src/actions/minusItem.js","statementMap":{"0":{"start":{"line":3,"column":18},"end":{"line":3,"column":60}},"1":{"start":{"line":3,"column":52},"end":{"line":3,"column":58}}},"fnMap":{"0":{"name":"(anonymous_0)","decl":{"start":{"line":3,"column":45},"end":{"line":3,"column":46}},"loc":{"start":{"line":3,"column":52},"end":{"line":3,"column":58}},"line":3}},"branchMap":{},"s":{"0":1,"1":2},"f":{"0":2},"b":{},"_coverageSchema":"332fd63041d2c1bcb487cc26dd0d5f7d97098a6c","hash":"727155620c4850727e30176bd1d659cbdf202336"}
,"/Users/kderevenko/Documents/Shop/src/actions/plusItem.js": {"path":"/Users/kderevenko/Documents/Shop/src/actions/plusItem.js","statementMap":{"0":{"start":{"line":3,"column":17},"end":{"line":3,"column":58}},"1":{"start":{"line":3,"column":50},"end":{"line":3,"column":56}}},"fnMap":{"0":{"name":"(anonymous_0)","decl":{"start":{"line":3,"column":43},"end":{"line":3,"column":44}},"loc":{"start":{"line":3,"column":50},"end":{"line":3,"column":56}},"line":3}},"branchMap":{},"s":{"0":1,"1":2},"f":{"0":2},"b":{},"_coverageSchema":"332fd63041d2c1bcb487cc26dd0d5f7d97098a6c","hash":"d325acc64886d00f8016b92ee8cae65528599f9b"}
,"/Users/kderevenko/Documents/Shop/src/components/controls/Button.js": {"path":"/Users/kderevenko/Documents/Shop/src/components/controls/Button.js","statementMap":{"0":{"start":{"line":3,"column":15},"end":{"line":20,"column":1}},"1":{"start":{"line":5,"column":24},"end":{"line":5,"column":34}},"2":{"start":{"line":7,"column":40},"end":{"line":7,"column":51}},"3":{"start":{"line":8,"column":52},"end":{"line":8,"column":64}},"4":{"start":{"line":9,"column":41},"end":{"line":9,"column":56}},"5":{"start":{"line":10,"column":34},"end":{"line":10,"column":51}},"6":{"start":{"line":11,"column":36},"end":{"line":11,"column":53}},"7":{"start":{"line":13,"column":43},"end":{"line":13,"column":55}},"8":{"start":{"line":14,"column":53},"end":{"line":14,"column":64}},"9":{"start":{"line":15,"column":55},"end":{"line":15,"column":67}}},"fnMap":{"0":{"name":"(anonymous_0)","decl":{"start":{"line":5,"column":15},"end":{"line":5,"column":16}},"loc":{"start":{"line":5,"column":24},"end":{"line":5,"column":34}},"line":5},"1":{"name":"(anonymous_1)","decl":{"start":{"line":7,"column":12},"end":{"line":7,"column":13}},"loc":{"start":{"line":7,"column":40},"end":{"line":7,"column":51}},"line":7},"2":{"name":"(anonymous_2)","decl":{"start":{"line":8,"column":23},"end":{"line":8,"column":24}},"loc":{"start":{"line":8,"column":52},"end":{"line":8,"column":64}},"line":8},"3":{"name":"(anonymous_3)","decl":{"start":{"line":9,"column":16},"end":{"line":9,"column":17}},"loc":{"start":{"line":9,"column":41},"end":{"line":9,"column":56}},"line":9},"4":{"name":"(anonymous_4)","decl":{"start":{"line":10,"column":12},"end":{"line":10,"column":13}},"loc":{"start":{"line":10,"column":34},"end":{"line":10,"column":51}},"line":10},"5":{"name":"(anonymous_5)","decl":{"start":{"line":11,"column":13},"end":{"line":11,"column":14}},"loc":{"start":{"line":11,"column":36},"end":{"line":11,"column":53}},"line":11},"6":{"name":"(anonymous_6)","decl":{"start":{"line":13,"column":14},"end":{"line":13,"column":15}},"loc":{"start":{"line":13,"column":43},"end":{"line":13,"column":55}},"line":13},"7":{"name":"(anonymous_7)","decl":{"start":{"line":14,"column":25},"end":{"line":14,"column":26}},"loc":{"start":{"line":14,"column":53},"end":{"line":14,"column":64}},"line":14},"8":{"name":"(anonymous_8)","decl":{"start":{"line":15,"column":26},"end":{"line":15,"column":27}},"loc":{"start":{"line":15,"column":55},"end":{"line":15,"column":67}},"line":15}},"branchMap":{},"s":{"0":1,"1":0,"2":0,"3":0,"4":0,"5":0,"6":0,"7":0,"8":0,"9":0},"f":{"0":0,"1":0,"2":0,"3":0,"4":0,"5":0,"6":0,"7":0,"8":0},"b":{},"_coverageSchema":"332fd63041d2c1bcb487cc26dd0d5f7d97098a6c","hash":"c9b11119269737aa9cafb9a00c3745e7b774f620"}
,"/Users/kderevenko/Documents/Shop/src/components/controls/input.js": {"path":"/Users/kderevenko/Documents/Shop/src/components/controls/input.js","statementMap":{"0":{"start":{"line":3,"column":14},"end":{"line":31,"column":1}},"1":{"start":{"line":5,"column":24},"end":{"line":5,"column":34}},"2":{"start":{"line":7,"column":41},"end":{"line":7,"column":53}},"3":{"start":{"line":8,"column":41},"end":{"line":8,"column":56}},"4":{"start":{"line":14,"column":60},"end":{"line":14,"column":72}}},"fnMap":{"0":{"name":"(anonymous_0)","decl":{"start":{"line":5,"column":15},"end":{"line":5,"column":16}},"loc":{"start":{"line":5,"column":24},"end":{"line":5,"column":34}},"line":5},"1":{"name":"(anonymous_1)","decl":{"start":{"line":7,"column":12},"end":{"line":7,"column":13}},"loc":{"start":{"line":7,"column":41},"end":{"line":7,"column":53}},"line":7},"2":{"name":"(anonymous_2)","decl":{"start":{"line":8,"column":16},"end":{"line":8,"column":17}},"loc":{"start":{"line":8,"column":41},"end":{"line":8,"column":56}},"line":8},"3":{"name":"(anonymous_3)","decl":{"start":{"line":14,"column":31},"end":{"line":14,"column":32}},"loc":{"start":{"line":14,"column":60},"end":{"line":14,"column":72}},"line":14}},"branchMap":{},"s":{"0":1,"1":0,"2":0,"3":0,"4":0},"f":{"0":0,"1":0,"2":0,"3":0},"b":{},"_coverageSchema":"332fd63041d2c1bcb487cc26dd0d5f7d97098a6c","hash":"738f3274ec1ac3918a83f77583168a9449ff2609"}
,"/Users/kderevenko/Documents/Shop/src/components/pages/cart/Cart.jsx": {"path":"/Users/kderevenko/Documents/Shop/src/components/pages/cart/Cart.jsx","statementMap":{"0":{"start":{"line":1,"column":0},"end":{"line":null,"column":-1}},"1":{"start":{"line":2,"column":0},"end":{"line":null,"column":-1}},"2":{"start":{"line":3,"column":0},"end":{"line":null,"column":-1}},"3":{"start":{"line":4,"column":0},"end":{"line":null,"column":-1}},"4":{"start":{"line":6,"column":0},"end":{"line":null,"column":-1}},"5":{"start":{"line":7,"column":0},"end":{"line":null,"column":-1}},"6":{"start":{"line":8,"column":0},"end":{"line":null,"column":-1}},"7":{"start":{"line":11,"column":20},"end":{"line":11,"column":0}},"8":{"start":{"line":13,"column":0},"end":{"line":null,"column":-1}},"9":{"start":{"line":24,"column":21},"end":{"line":24,"column":0}},"10":{"start":{"line":38,"column":3},"end":{"line":38,"column":2}},"11":{"start":{"line":39,"column":2},"end":{"line":null,"column":-1}},"12":{"start":{"line":54,"column":29},"end":{"line":null,"column":-1}},"13":{"start":{"line":94,"column":0},"end":{"line":null,"column":-1}},"14":{"start":{"line":95,"column":0},"end":{"line":null,"column":-1}},"15":{"start":{"line":96,"column":0},"end":{"line":null,"column":-1}}},"fnMap":{"0":{"name":"Cart","decl":{"start":{"line":29,"column":9},"end":{"line":29,"column":0}},"loc":{"start":{"line":38,"column":3},"end":{"line":92,"column":1}}},"1":{"name":"(anonymous_2)","decl":{"start":{"line":54,"column":29},"end":{"line":null,"column":-1}},"loc":{"start":{"line":54,"column":29},"end":{"line":54,"column":14}}}},"branchMap":{"0":{"loc":{"start":{"line":13,"column":18},"end":{"line":13,"column":0}},"type":"cond-expr","locations":[{"start":{"line":13,"column":18},"end":{"line":13,"column":0}},{"start":{"line":13,"column":0},"end":{"line":null,"column":-1}}]},"1":{"loc":{"start":{"line":42,"column":8},"end":{"line":41,"column":7}},"type":"cond-expr","locations":[{"start":{"line":42,"column":8},"end":{"line":41,"column":7}},{"start":{"line":68,"column":8},"end":{"line":40,"column":4}}]},"2":{"loc":{"start":{"line":70,"column":7},"end":{"line":70,"column":6}},"type":"cond-expr","locations":[{"start":{"line":70,"column":7},"end":{"line":70,"column":6}},{"start":{"line":70,"column":35},"end":{"line":40,"column":4}}]},"3":{"loc":{"start":{"line":73,"column":10},"end":{"line":72,"column":8}},"type":"cond-expr","locations":[{"start":{"line":73,"column":10},"end":{"line":72,"column":8}},{"start":{"line":88,"column":12},"end":{"line":null,"column":-1}}]},"4":{"loc":{"start":{"line":77,"column":33},"end":{"line":77,"column":21}},"type":"cond-expr","locations":[{"start":{"line":77,"column":33},"end":{"line":77,"column":21}},{"start":{"line":77,"column":45},"end":{"line":74,"column":12}}]},"5":{"loc":{"start":{"line":83,"column":36},"end":{"line":83,"column":21}},"type":"cond-expr","locations":[{"start":{"line":83,"column":36},"end":{"line":83,"column":21}},{"start":{"line":83,"column":51},"end":{"line":80,"column":12}}]},"6":{"loc":{"start":{"line":95,"column":17},"end":{"line":95,"column":0}},"type":"cond-expr","locations":[{"start":{"line":95,"column":17},"end":{"line":95,"column":0}},{"start":{"line":95,"column":0},"end":{"line":null,"column":-1}}]}},"s":{"0":0,"1":0,"2":0,"3":0,"4":0,"5":0,"6":0,"7":0,"8":0,"9":0,"10":0,"11":0,"12":0,"13":0,"14":0,"15":0},"f":{"0":0,"1":0},"b":{"0":[0,0],"1":[0,0],"2":[0,0],"3":[0,0],"4":[0,0],"5":[0,0],"6":[0,0]}}
,"/Users/kderevenko/Documents/Shop/src/components/pages/cart/Cart.styled.js": {"path":"/Users/kderevenko/Documents/Shop/src/components/pages/cart/Cart.styled.js","statementMap":{"0":{"start":{"line":1,"column":0},"end":{"line":null,"column":-1}},"1":{"start":{"line":3,"column":13},"end":{"line":3,"column":7}},"2":{"start":{"line":7,"column":13},"end":{"line":7,"column":7}},"3":{"start":{"line":12,"column":13},"end":{"line":12,"column":7}}},"fnMap":{},"branchMap":{},"s":{"0":0,"1":0,"2":0,"3":0},"f":{},"b":{}}
,"/Users/kderevenko/Documents/Shop/src/components/pages/cart/CartContainer.js": {"path":"/Users/kderevenko/Documents/Shop/src/components/pages/cart/CartContainer.js","statementMap":{"0":{"start":{"line":1,"column":0},"end":{"line":null,"column":-1}},"1":{"start":{"line":4,"column":0},"end":{"line":null,"column":-1}},"2":{"start":{"line":5,"column":0},"end":{"line":null,"column":-1}},"3":{"start":{"line":6,"column":0},"end":{"line":null,"column":-1}},"4":{"start":{"line":7,"column":0},"end":{"line":null,"column":-1}},"5":{"start":{"line":8,"column":0},"end":{"line":null,"column":-1}},"6":{"start":{"line":10,"column":0},"end":{"line":null,"column":-1}},"7":{"start":{"line":11,"column":0},"end":{"line":null,"column":-1}},"8":{"start":{"line":13,"column":13},"end":{"line":13,"column":7}},"9":{"start":{"line":17,"column":4},"end":{"line":null,"column":-1}},"10":{"start":{"line":23,"column":4},"end":{"line":null,"column":-1}},"11":{"start":{"line":33,"column":31},"end":{"line":33,"column":30}},"12":{"start":{"line":33,"column":31},"end":{"line":null,"column":-1}},"13":{"start":{"line":35,"column":20},"end":{"line":35,"column":19}},"14":{"start":{"line":35,"column":20},"end":{"line":null,"column":-1}},"15":{"start":{"line":35,"column":46},"end":{"line":null,"column":-1}},"16":{"start":{"line":35,"column":4},"end":{"line":null,"column":-1}},"17":{"start":{"line":36,"column":21},"end":{"line":36,"column":20}},"18":{"start":{"line":36,"column":21},"end":{"line":null,"column":-1}},"19":{"start":{"line":36,"column":48},"end":{"line":null,"column":-1}},"20":{"start":{"line":36,"column":4},"end":{"line":null,"column":-1}},"21":{"start":{"line":37,"column":19},"end":{"line":37,"column":18}},"22":{"start":{"line":37,"column":19},"end":{"line":null,"column":-1}},"23":{"start":{"line":38,"column":30},"end":{"line":37,"column":49}},"24":{"start":{"line":37,"column":49},"end":{"line":37,"column":48}},"25":{"start":{"line":39,"column":6},"end":{"line":null,"column":-1}},"26":{"start":{"line":37,"column":4},"end":{"line":null,"column":-1}},"27":{"start":{"line":41,"column":18},"end":{"line":41,"column":17}},"28":{"start":{"line":41,"column":18},"end":{"line":null,"column":-1}},"29":{"start":{"line":42,"column":6},"end":{"line":null,"column":-1}},"30":{"start":{"line":43,"column":6},"end":{"line":null,"column":-1}},"31":{"start":{"line":41,"column":4},"end":{"line":null,"column":-1}},"32":{"start":{"line":46,"column":11},"end":{"line":null,"column":-1}}},"fnMap":{"0":{"name":"(anonymous_1)","decl":{"start":{"line":17,"column":4},"end":{"line":null,"column":-1}},"loc":{"start":{"line":17,"column":4},"end":{"line":16,"column":2}}},"1":{"name":"(anonymous_2)","decl":{"start":{"line":23,"column":4},"end":{"line":null,"column":-1}},"loc":{"start":{"line":23,"column":4},"end":{"line":16,"column":2}}},"2":{"name":"(anonymous_3)","decl":{"start":{"line":33,"column":31},"end":{"line":null,"column":-1}},"loc":{"start":{"line":33,"column":31},"end":{"line":33,"column":2}}},"3":{"name":"(anonymous_4)","decl":{"start":{"line":35,"column":4},"end":{"line":null,"column":-1}},"loc":{"start":{"line":35,"column":4},"end":{"line":34,"column":14}}},"4":{"name":"handlePlusItem","decl":{"start":{"line":35,"column":20},"end":{"line":null,"column":-1}},"loc":{"start":{"line":35,"column":20},"end":{"line":null,"column":-1}}},"5":{"name":"(anonymous_6)","decl":{"start":{"line":35,"column":46},"end":{"line":null,"column":-1}},"loc":{"start":{"line":35,"column":46},"end":{"line":35,"column":20}}},"6":{"name":"(anonymous_7)","decl":{"start":{"line":36,"column":4},"end":{"line":null,"column":-1}},"loc":{"start":{"line":36,"column":4},"end":{"line":34,"column":14}}},"7":{"name":"handleMinusItem","decl":{"start":{"line":36,"column":21},"end":{"line":null,"column":-1}},"loc":{"start":{"line":36,"column":21},"end":{"line":null,"column":-1}}},"8":{"name":"(anonymous_9)","decl":{"start":{"line":36,"column":48},"end":{"line":null,"column":-1}},"loc":{"start":{"line":36,"column":48},"end":{"line":36,"column":21}}},"9":{"name":"(anonymous_10)","decl":{"start":{"line":37,"column":4},"end":{"line":null,"column":-1}},"loc":{"start":{"line":37,"column":4},"end":{"line":34,"column":14}}},"10":{"name":"handleSetUser","decl":{"start":{"line":37,"column":19},"end":{"line":null,"column":-1}},"loc":{"start":{"line":37,"column":19},"end":{"line":null,"column":-1}}},"11":{"name":"(anonymous_12)","decl":{"start":{"line":37,"column":42},"end":{"line":37,"column":42}},"loc":{"start":{"line":37,"column":49},"end":{"line":37,"column":19}}},"12":{"name":"(anonymous_13)","decl":{"start":{"line":41,"column":4},"end":{"line":null,"column":-1}},"loc":{"start":{"line":41,"column":4},"end":{"line":null,"column":-1}}},"13":{"name":"handleSubmit","decl":{"start":{"line":41,"column":18},"end":{"line":null,"column":-1}},"loc":{"start":{"line":41,"column":18},"end":{"line":null,"column":-1}}},"14":{"name":"(anonymous_15)","decl":{"start":{"line":41,"column":58},"end":{"line":41,"column":63}},"loc":{"start":{"line":41,"column":64},"end":{"line":41,"column":18}}},"15":{"name":"(anonymous_16)","decl":{"start":{"line":46,"column":11},"end":{"line":null,"column":-1}},"loc":{"start":{"line":46,"column":11},"end":{"line":46,"column":2}}}},"branchMap":{},"s":{"0":0,"1":0,"2":0,"3":0,"4":0,"5":0,"6":0,"7":0,"8":0,"9":0,"10":0,"11":0,"12":0,"13":0,"14":0,"15":0,"16":0,"17":0,"18":0,"19":0,"20":0,"21":0,"22":0,"23":0,"24":0,"25":0,"26":0,"27":0,"28":0,"29":0,"30":0,"31":0,"32":0},"f":{"0":0,"1":0,"2":0,"3":0,"4":0,"5":0,"6":0,"7":0,"8":0,"9":0,"10":0,"11":0,"12":0,"13":0,"14":0,"15":0},"b":{}}
,"/Users/kderevenko/Documents/Shop/src/components/pages/category/Category.jsx": {"path":"/Users/kderevenko/Documents/Shop/src/components/pages/category/Category.jsx","statementMap":{"0":{"start":{"line":1,"column":0},"end":{"line":null,"column":-1}},"1":{"start":{"line":2,"column":0},"end":{"line":null,"column":-1}},"2":{"start":{"line":3,"column":0},"end":{"line":null,"column":-1}},"3":{"start":{"line":5,"column":0},"end":{"line":null,"column":-1}},"4":{"start":{"line":6,"column":0},"end":{"line":null,"column":-1}},"5":{"start":{"line":8,"column":20},"end":{"line":8,"column":0}},"6":{"start":{"line":10,"column":0},"end":{"line":null,"column":-1}},"7":{"start":{"line":16,"column":21},"end":{"line":16,"column":0}},"8":{"start":{"line":24,"column":3},"end":{"line":24,"column":2}},"9":{"start":{"line":25,"column":21},"end":{"line":25,"column":2}},"10":{"start":{"line":27,"column":2},"end":{"line":null,"column":-1}},"11":{"start":{"line":31,"column":24},"end":{"line":null,"column":-1}},"12":{"start":{"line":39,"column":0},"end":{"line":null,"column":-1}},"13":{"start":{"line":40,"column":0},"end":{"line":null,"column":-1}},"14":{"start":{"line":41,"column":0},"end":{"line":null,"column":-1}}},"fnMap":{"0":{"name":"Category","decl":{"start":{"line":20,"column":9},"end":{"line":20,"column":0}},"loc":{"start":{"line":24,"column":3},"end":{"line":37,"column":1}}},"1":{"name":"(anonymous_2)","decl":{"start":{"line":31,"column":24},"end":{"line":null,"column":-1}},"loc":{"start":{"line":31,"column":24},"end":{"line":31,"column":9}}}},"branchMap":{"0":{"loc":{"start":{"line":10,"column":18},"end":{"line":10,"column":0}},"type":"cond-expr","locations":[{"start":{"line":10,"column":18},"end":{"line":10,"column":0}},{"start":{"line":10,"column":0},"end":{"line":null,"column":-1}}]},"1":{"loc":{"start":{"line":25,"column":29},"end":{"line":25,"column":21}},"type":"cond-expr","locations":[{"start":{"line":25,"column":29},"end":{"line":25,"column":21}},{"start":{"line":25,"column":44},"end":{"line":25,"column":2}}]},"2":{"loc":{"start":{"line":40,"column":21},"end":{"line":40,"column":0}},"type":"cond-expr","locations":[{"start":{"line":40,"column":21},"end":{"line":40,"column":0}},{"start":{"line":40,"column":0},"end":{"line":null,"column":-1}}]}},"s":{"0":0,"1":0,"2":0,"3":0,"4":0,"5":0,"6":0,"7":0,"8":0,"9":0,"10":0,"11":0,"12":0,"13":0,"14":0},"f":{"0":0,"1":0},"b":{"0":[0,0],"1":[0,0],"2":[0,0]}}
,"/Users/kderevenko/Documents/Shop/src/components/pages/category/Category.styled.js": {"path":"/Users/kderevenko/Documents/Shop/src/components/pages/category/Category.styled.js","statementMap":{"0":{"start":{"line":1,"column":0},"end":{"line":null,"column":-1}},"1":{"start":{"line":3,"column":23},"end":{"line":3,"column":0}}},"fnMap":{},"branchMap":{},"s":{"0":0,"1":0},"f":{},"b":{}}
,"/Users/kderevenko/Documents/Shop/src/components/pages/category/CategoryContainer.js": {"path":"/Users/kderevenko/Documents/Shop/src/components/pages/category/CategoryContainer.js","statementMap":{"0":{"start":{"line":1,"column":0},"end":{"line":null,"column":-1}},"1":{"start":{"line":4,"column":0},"end":{"line":null,"column":-1}},"2":{"start":{"line":5,"column":0},"end":{"line":null,"column":-1}},"3":{"start":{"line":6,"column":0},"end":{"line":null,"column":-1}},"4":{"start":{"line":7,"column":0},"end":{"line":null,"column":-1}},"5":{"start":{"line":9,"column":0},"end":{"line":null,"column":-1}},"6":{"start":{"line":12,"column":13},"end":{"line":12,"column":7}},"7":{"start":{"line":15,"column":4},"end":{"line":null,"column":-1}},"8":{"start":{"line":19,"column":4},"end":{"line":null,"column":-1}},"9":{"start":{"line":29,"column":25},"end":{"line":29,"column":24}},"10":{"start":{"line":29,"column":25},"end":{"line":null,"column":-1}},"11":{"start":{"line":30,"column":6},"end":{"line":null,"column":-1}},"12":{"start":{"line":29,"column":4},"end":{"line":null,"column":-1}},"13":{"start":{"line":32,"column":21},"end":{"line":32,"column":20}},"14":{"start":{"line":32,"column":21},"end":{"line":null,"column":-1}},"15":{"start":{"line":33,"column":6},"end":{"line":null,"column":-1}},"16":{"start":{"line":32,"column":4},"end":{"line":null,"column":-1}},"17":{"start":{"line":38,"column":6},"end":{"line":null,"column":-1}},"18":{"start":{"line":36,"column":12},"end":{"line":null,"column":-1}},"19":{"start":{"line":41,"column":11},"end":{"line":null,"column":-1}}},"fnMap":{"0":{"name":"(anonymous_1)","decl":{"start":{"line":15,"column":4},"end":{"line":null,"column":-1}},"loc":{"start":{"line":15,"column":4},"end":{"line":14,"column":2}}},"1":{"name":"(anonymous_2)","decl":{"start":{"line":19,"column":4},"end":{"line":null,"column":-1}},"loc":{"start":{"line":19,"column":4},"end":{"line":14,"column":2}}},"2":{"name":"(anonymous_3)","decl":{"start":{"line":29,"column":4},"end":{"line":null,"column":-1}},"loc":{"start":{"line":29,"column":4},"end":{"line":28,"column":14}}},"3":{"name":"handleFetchProducts","decl":{"start":{"line":29,"column":25},"end":{"line":null,"column":-1}},"loc":{"start":{"line":29,"column":25},"end":{"line":null,"column":-1}}},"4":{"name":"(anonymous_5)","decl":{"start":{"line":29,"column":56},"end":{"line":29,"column":61}},"loc":{"start":{"line":29,"column":62},"end":{"line":29,"column":25}}},"5":{"name":"(anonymous_6)","decl":{"start":{"line":32,"column":4},"end":{"line":null,"column":-1}},"loc":{"start":{"line":32,"column":4},"end":{"line":null,"column":-1}}},"6":{"name":"handleAddToCart","decl":{"start":{"line":32,"column":21},"end":{"line":null,"column":-1}},"loc":{"start":{"line":32,"column":21},"end":{"line":null,"column":-1}}},"7":{"name":"(anonymous_8)","decl":{"start":{"line":32,"column":48},"end":{"line":32,"column":48}},"loc":{"start":{"line":32,"column":56},"end":{"line":32,"column":21}}},"8":{"name":"(anonymous_9)","decl":{"start":{"line":36,"column":12},"end":{"line":null,"column":-1}},"loc":{"start":{"line":36,"column":12},"end":{"line":null,"column":-1}}},"9":{"name":"componentDidMount","decl":{"start":{"line":36,"column":12},"end":{"line":37,"column":23}},"loc":{"start":{"line":37,"column":24},"end":{"line":39,"column":5}}},"10":{"name":"(anonymous_11)","decl":{"start":{"line":41,"column":11},"end":{"line":null,"column":-1}},"loc":{"start":{"line":41,"column":11},"end":{"line":41,"column":2}}}},"branchMap":{},"s":{"0":0,"1":0,"2":0,"3":0,"4":0,"5":0,"6":0,"7":0,"8":0,"9":0,"10":0,"11":0,"12":0,"13":0,"14":0,"15":0,"16":0,"17":0,"18":0,"19":0},"f":{"0":0,"1":0,"2":0,"3":0,"4":0,"5":0,"6":0,"7":0,"8":0,"9":0,"10":0},"b":{}}
,"/Users/kderevenko/Documents/Shop/src/components/pages/confirmation/Confirmation.jsx": {"path":"/Users/kderevenko/Documents/Shop/src/components/pages/confirmation/Confirmation.jsx","statementMap":{"0":{"start":{"line":1,"column":0},"end":{"line":null,"column":-1}},"1":{"start":{"line":2,"column":0},"end":{"line":null,"column":-1}},"2":{"start":{"line":3,"column":0},"end":{"line":null,"column":-1}},"3":{"start":{"line":4,"column":0},"end":{"line":null,"column":-1}},"4":{"start":{"line":5,"column":0},"end":{"line":null,"column":-1}},"5":{"start":{"line":6,"column":0},"end":{"line":null,"column":-1}},"6":{"start":{"line":7,"column":0},"end":{"line":null,"column":-1}},"7":{"start":{"line":9,"column":20},"end":{"line":9,"column":0}},"8":{"start":{"line":11,"column":0},"end":{"line":null,"column":-1}},"9":{"start":{"line":18,"column":21},"end":{"line":18,"column":0}},"10":{"start":{"line":28,"column":3},"end":{"line":28,"column":2}},"11":{"start":{"line":29,"column":2},"end":{"line":null,"column":-1}},"12":{"start":{"line":44,"column":29},"end":{"line":null,"column":-1}},"13":{"start":{"line":69,"column":0},"end":{"line":null,"column":-1}},"14":{"start":{"line":70,"column":0},"end":{"line":null,"column":-1}},"15":{"start":{"line":71,"column":0},"end":{"line":null,"column":-1}}},"fnMap":{"0":{"name":"Confirmation","decl":{"start":{"line":23,"column":9},"end":{"line":23,"column":0}},"loc":{"start":{"line":28,"column":3},"end":{"line":67,"column":1}}},"1":{"name":"(anonymous_2)","decl":{"start":{"line":44,"column":29},"end":{"line":null,"column":-1}},"loc":{"start":{"line":44,"column":29},"end":{"line":44,"column":14}}}},"branchMap":{"0":{"loc":{"start":{"line":11,"column":18},"end":{"line":11,"column":0}},"type":"cond-expr","locations":[{"start":{"line":11,"column":18},"end":{"line":11,"column":0}},{"start":{"line":11,"column":0},"end":{"line":null,"column":-1}}]},"1":{"loc":{"start":{"line":32,"column":8},"end":{"line":31,"column":7}},"type":"cond-expr","locations":[{"start":{"line":32,"column":8},"end":{"line":31,"column":7}},{"start":{"line":51,"column":8},"end":{"line":30,"column":4}}]},"2":{"loc":{"start":{"line":53,"column":7},"end":{"line":53,"column":6}},"type":"cond-expr","locations":[{"start":{"line":53,"column":7},"end":{"line":53,"column":6}},{"start":{"line":53,"column":35},"end":{"line":30,"column":4}}]},"3":{"loc":{"start":{"line":70,"column":25},"end":{"line":70,"column":0}},"type":"cond-expr","locations":[{"start":{"line":70,"column":25},"end":{"line":70,"column":0}},{"start":{"line":70,"column":0},"end":{"line":null,"column":-1}}]}},"s":{"0":0,"1":0,"2":0,"3":0,"4":0,"5":0,"6":0,"7":0,"8":0,"9":0,"10":0,"11":0,"12":0,"13":0,"14":0,"15":0},"f":{"0":0,"1":0},"b":{"0":[0,0],"1":[0,0],"2":[0,0],"3":[0,0]}}
,"/Users/kderevenko/Documents/Shop/src/components/pages/confirmation/Confirmation.styled.js": {"path":"/Users/kderevenko/Documents/Shop/src/components/pages/confirmation/Confirmation.styled.js","statementMap":{"0":{"start":{"line":1,"column":0},"end":{"line":null,"column":-1}},"1":{"start":{"line":3,"column":23},"end":{"line":3,"column":0}}},"fnMap":{},"branchMap":{},"s":{"0":0,"1":0},"f":{},"b":{}}
,"/Users/kderevenko/Documents/Shop/src/components/pages/confirmation/ConfirmationContainer.js": {"path":"/Users/kderevenko/Documents/Shop/src/components/pages/confirmation/ConfirmationContainer.js","statementMap":{"0":{"start":{"line":1,"column":0},"end":{"line":null,"column":-1}},"1":{"start":{"line":4,"column":0},"end":{"line":null,"column":-1}},"2":{"start":{"line":5,"column":0},"end":{"line":null,"column":-1}},"3":{"start":{"line":9,"column":0},"end":{"line":null,"column":-1}},"4":{"start":{"line":12,"column":13},"end":{"line":12,"column":7}},"5":{"start":{"line":15,"column":4},"end":{"line":null,"column":-1}},"6":{"start":{"line":22,"column":11},"end":{"line":null,"column":-1}}},"fnMap":{"0":{"name":"(anonymous_1)","decl":{"start":{"line":15,"column":4},"end":{"line":null,"column":-1}},"loc":{"start":{"line":15,"column":4},"end":{"line":14,"column":2}}},"1":{"name":"(anonymous_2)","decl":{"start":{"line":22,"column":11},"end":{"line":null,"column":-1}},"loc":{"start":{"line":22,"column":11},"end":{"line":22,"column":2}}}},"branchMap":{},"s":{"0":0,"1":0,"2":0,"3":0,"4":0,"5":0,"6":0},"f":{"0":0,"1":0},"b":{}}
,"/Users/kderevenko/Documents/Shop/src/components/widgets/CartItem/CartItem.jsx": {"path":"/Users/kderevenko/Documents/Shop/src/components/widgets/CartItem/CartItem.jsx","statementMap":{"0":{"start":{"line":1,"column":0},"end":{"line":null,"column":-1}},"1":{"start":{"line":2,"column":0},"end":{"line":null,"column":-1}},"2":{"start":{"line":3,"column":0},"end":{"line":null,"column":-1}},"3":{"start":{"line":4,"column":0},"end":{"line":null,"column":-1}},"4":{"start":{"line":6,"column":20},"end":{"line":6,"column":0}},"5":{"start":{"line":8,"column":0},"end":{"line":null,"column":-1}},"6":{"start":{"line":21,"column":3},"end":{"line":21,"column":2}},"7":{"start":{"line":22,"column":2},"end":{"line":null,"column":-1}},"8":{"start":{"line":48,"column":0},"end":{"line":null,"column":-1}},"9":{"start":{"line":49,"column":0},"end":{"line":null,"column":-1}}},"fnMap":{"0":{"name":"CartItem","decl":{"start":{"line":12,"column":9},"end":{"line":12,"column":0}},"loc":{"start":{"line":21,"column":3},"end":{"line":46,"column":1}}}},"branchMap":{"0":{"loc":{"start":{"line":8,"column":18},"end":{"line":8,"column":0}},"type":"cond-expr","locations":[{"start":{"line":8,"column":18},"end":{"line":8,"column":0}},{"start":{"line":8,"column":0},"end":{"line":null,"column":-1}}]},"1":{"loc":{"start":{"line":23,"column":4},"end":{"line":24,"column":5}},"type":"binary-expr","locations":[{"start":{"line":23,"column":4},"end":{"line":24,"column":5}},{"start":{"line":24,"column":6},"end":{"line":22,"column":2}}]},"2":{"loc":{"start":{"line":32,"column":14},"end":{"line":31,"column":12}},"type":"cond-expr","locations":[{"start":{"line":32,"column":14},"end":{"line":31,"column":12}},{"start":{"line":37,"column":16},"end":{"line":null,"column":-1}}]},"3":{"loc":{"start":{"line":49,"column":21},"end":{"line":49,"column":0}},"type":"cond-expr","locations":[{"start":{"line":49,"column":21},"end":{"line":49,"column":0}},{"start":{"line":49,"column":0},"end":{"line":null,"column":-1}}]}},"s":{"0":0,"1":0,"2":0,"3":0,"4":0,"5":0,"6":0,"7":0,"8":0,"9":0},"f":{"0":0},"b":{"0":[0,0],"1":[0,0],"2":[0,0],"3":[0,0]}}
,"/Users/kderevenko/Documents/Shop/src/components/widgets/CartItem/CartItem.styled.js": {"path":"/Users/kderevenko/Documents/Shop/src/components/widgets/CartItem/CartItem.styled.js","statementMap":{"0":{"start":{"line":1,"column":0},"end":{"line":null,"column":-1}},"1":{"start":{"line":3,"column":13},"end":{"line":3,"column":7}},"2":{"start":{"line":6,"column":13},"end":{"line":6,"column":7}},"3":{"start":{"line":13,"column":13},"end":{"line":13,"column":7}}},"fnMap":{},"branchMap":{},"s":{"0":0,"1":0,"2":0,"3":0},"f":{},"b":{}}
,"/Users/kderevenko/Documents/Shop/src/components/widgets/CartItem/CartItemContainer.js": {"path":"/Users/kderevenko/Documents/Shop/src/components/widgets/CartItem/CartItemContainer.js","statementMap":{"0":{"start":{"line":1,"column":0},"end":{"line":null,"column":-1}},"1":{"start":{"line":4,"column":0},"end":{"line":null,"column":-1}},"2":{"start":{"line":5,"column":0},"end":{"line":null,"column":-1}},"3":{"start":{"line":8,"column":13},"end":{"line":8,"column":7}},"4":{"start":{"line":17,"column":21},"end":{"line":17,"column":20}},"5":{"start":{"line":17,"column":21},"end":{"line":null,"column":-1}},"6":{"start":{"line":17,"column":40},"end":{"line":null,"column":-1}},"7":{"start":{"line":17,"column":4},"end":{"line":null,"column":-1}},"8":{"start":{"line":18,"column":20},"end":{"line":18,"column":19}},"9":{"start":{"line":18,"column":20},"end":{"line":null,"column":-1}},"10":{"start":{"line":18,"column":38},"end":{"line":null,"column":-1}},"11":{"start":{"line":18,"column":4},"end":{"line":null,"column":-1}}},"fnMap":{"0":{"name":"(anonymous_1)","decl":{"start":{"line":17,"column":4},"end":{"line":null,"column":-1}},"loc":{"start":{"line":17,"column":4},"end":{"line":16,"column":14}}},"1":{"name":"handleMinusItem","decl":{"start":{"line":17,"column":21},"end":{"line":null,"column":-1}},"loc":{"start":{"line":17,"column":21},"end":{"line":null,"column":-1}}},"2":{"name":"(anonymous_3)","decl":{"start":{"line":17,"column":40},"end":{"line":null,"column":-1}},"loc":{"start":{"line":17,"column":40},"end":{"line":17,"column":21}}},"3":{"name":"(anonymous_4)","decl":{"start":{"line":18,"column":4},"end":{"line":null,"column":-1}},"loc":{"start":{"line":18,"column":4},"end":{"line":null,"column":-1}}},"4":{"name":"handlePlusItem","decl":{"start":{"line":18,"column":20},"end":{"line":null,"column":-1}},"loc":{"start":{"line":18,"column":20},"end":{"line":null,"column":-1}}},"5":{"name":"(anonymous_6)","decl":{"start":{"line":18,"column":38},"end":{"line":null,"column":-1}},"loc":{"start":{"line":18,"column":38},"end":{"line":18,"column":20}}}},"branchMap":{},"s":{"0":0,"1":0,"2":0,"3":0,"4":0,"5":0,"6":0,"7":0,"8":0,"9":0,"10":0,"11":0},"f":{"0":0,"1":0,"2":0,"3":0,"4":0,"5":0},"b":{}}
,"/Users/kderevenko/Documents/Shop/src/components/widgets/ProductItem/ProductItem.jsx": {"path":"/Users/kderevenko/Documents/Shop/src/components/widgets/ProductItem/ProductItem.jsx","statementMap":{"0":{"start":{"line":8,"column":20},"end":{"line":8,"column":33}},"1":{"start":{"line":10,"column":18},"end":{"line":13,"column":1}},"2":{"start":{"line":18,"column":2},"end":{"line":37,"column":4}},"3":{"start":{"line":40,"column":0},"end":{"line":40,"column":38}},"4":{"start":{"line":41,"column":0},"end":{"line":41,"column":34}}},"fnMap":{"0":{"name":"ProductItem","decl":{"start":{"line":15,"column":9},"end":{"line":15,"column":20}},"loc":{"start":{"line":17,"column":3},"end":{"line":38,"column":1}},"line":17}},"branchMap":{"0":{"loc":{"start":{"line":19,"column":4},"end":{"line":36,"column":5}},"type":"binary-expr","locations":[{"start":{"line":19,"column":4},"end":{"line":19,"column":8}},{"start":{"line":20,"column":6},"end":{"line":35,"column":25}}],"line":19}},"s":{"0":1,"1":1,"2":0,"3":1,"4":1},"f":{"0":0},"b":{"0":[0,0]},"_coverageSchema":"332fd63041d2c1bcb487cc26dd0d5f7d97098a6c","hash":"4653b43d7d8362778a6fb17a16c30196e3a68ed5"}
,"/Users/kderevenko/Documents/Shop/src/components/widgets/ProductItem/ProductItem.styled.js": {"path":"/Users/kderevenko/Documents/Shop/src/components/widgets/ProductItem/ProductItem.styled.js","statementMap":{"0":{"start":{"line":3,"column":30},"end":{"line":6,"column":1}},"1":{"start":{"line":8,"column":32},"end":{"line":20,"column":1}},"2":{"start":{"line":21,"column":27},"end":{"line":23,"column":1}},"3":{"start":{"line":25,"column":28},"end":{"line":27,"column":1}},"4":{"start":{"line":28,"column":33},"end":{"line":31,"column":1}}},"fnMap":{},"branchMap":{},"s":{"0":1,"1":1,"2":1,"3":1,"4":1},"f":{},"b":{},"_coverageSchema":"332fd63041d2c1bcb487cc26dd0d5f7d97098a6c","hash":"c3230ea5222cd72c4d7e3f841d93b202eda52cc5"}
,"/Users/kderevenko/Documents/Shop/src/components/widgets/ProductItem/ProductItemContainer.js": {"path":"/Users/kderevenko/Documents/Shop/src/components/widgets/ProductItem/ProductItemContainer.js","statementMap":{"0":{"start":{"line":7,"column":23},"end":{"line":16,"column":1}},"1":{"start":{"line":14,"column":44},"end":{"line":14,"column":63}},"2":{"start":{"line":14,"column":50},"end":{"line":14,"column":63}}},"fnMap":{"0":{"name":"(anonymous_0)","decl":{"start":{"line":14,"column":21},"end":{"line":14,"column":22}},"loc":{"start":{"line":14,"column":44},"end":{"line":14,"column":63}},"line":14},"1":{"name":"(anonymous_1)","decl":{"start":{"line":14,"column":44},"end":{"line":14,"column":45}},"loc":{"start":{"line":14,"column":50},"end":{"line":14,"column":63}},"line":14}},"branchMap":{},"s":{"0":1,"1":1,"2":1},"f":{"0":1,"1":1},"b":{},"_coverageSchema":"332fd63041d2c1bcb487cc26dd0d5f7d97098a6c","hash":"452fe11a010dce37d974bc065067b3306462b729"}
,"/Users/kderevenko/Documents/Shop/src/composables/Footer/Footer.jsx": {"path":"/Users/kderevenko/Documents/Shop/src/composables/Footer/Footer.jsx","statementMap":{"0":{"start":{"line":1,"column":0},"end":{"line":null,"column":-1}},"1":{"start":{"line":3,"column":0},"end":{"line":null,"column":-1}},"2":{"start":{"line":5,"column":20},"end":{"line":5,"column":0}},"3":{"start":{"line":7,"column":0},"end":{"line":null,"column":-1}},"4":{"start":{"line":9,"column":21},"end":{"line":9,"column":0}},"5":{"start":{"line":12,"column":2},"end":{"line":null,"column":-1}},"6":{"start":{"line":19,"column":0},"end":{"line":null,"column":-1}},"7":{"start":{"line":20,"column":0},"end":{"line":null,"column":-1}},"8":{"start":{"line":21,"column":0},"end":{"line":null,"column":-1}}},"fnMap":{"0":{"name":"Footer","decl":{"start":{"line":11,"column":9},"end":{"line":11,"column":0}},"loc":{"start":{"line":11,"column":18},"end":{"line":17,"column":1}}}},"branchMap":{"0":{"loc":{"start":{"line":7,"column":18},"end":{"line":7,"column":0}},"type":"cond-expr","locations":[{"start":{"line":7,"column":18},"end":{"line":7,"column":0}},{"start":{"line":7,"column":0},"end":{"line":null,"column":-1}}]},"1":{"loc":{"start":{"line":20,"column":19},"end":{"line":20,"column":0}},"type":"cond-expr","locations":[{"start":{"line":20,"column":19},"end":{"line":20,"column":0}},{"start":{"line":20,"column":0},"end":{"line":null,"column":-1}}]}},"s":{"0":0,"1":0,"2":0,"3":0,"4":0,"5":0,"6":0,"7":0,"8":0},"f":{"0":0},"b":{"0":[0,0],"1":[0,0]}}
,"/Users/kderevenko/Documents/Shop/src/composables/Footer/Footer.styled.js": {"path":"/Users/kderevenko/Documents/Shop/src/composables/Footer/Footer.styled.js","statementMap":{"0":{"start":{"line":1,"column":0},"end":{"line":null,"column":-1}},"1":{"start":{"line":3,"column":22},"end":{"line":3,"column":0}}},"fnMap":{},"branchMap":{},"s":{"0":0,"1":0},"f":{},"b":{}}
,"/Users/kderevenko/Documents/Shop/src/composables/Header/Header.jsx": {"path":"/Users/kderevenko/Documents/Shop/src/composables/Header/Header.jsx","statementMap":{"0":{"start":{"line":2,"column":0},"end":{"line":null,"column":-1}},"1":{"start":{"line":3,"column":0},"end":{"line":null,"column":-1}},"2":{"start":{"line":4,"column":0},"end":{"line":null,"column":-1}},"3":{"start":{"line":6,"column":0},"end":{"line":null,"column":-1}},"4":{"start":{"line":7,"column":0},"end":{"line":null,"column":-1}},"5":{"start":{"line":9,"column":20},"end":{"line":9,"column":0}},"6":{"start":{"line":11,"column":0},"end":{"line":null,"column":-1}},"7":{"start":{"line":16,"column":21},"end":{"line":16,"column":0}},"8":{"start":{"line":21,"column":34},"end":{"line":21,"column":33}},"9":{"start":{"line":22,"column":2},"end":{"line":null,"column":-1}},"10":{"start":{"line":42,"column":0},"end":{"line":null,"column":-1}},"11":{"start":{"line":43,"column":0},"end":{"line":null,"column":-1}},"12":{"start":{"line":44,"column":0},"end":{"line":null,"column":-1}}},"fnMap":{"0":{"name":"Header","decl":{"start":{"line":21,"column":9},"end":{"line":21,"column":0}},"loc":{"start":{"line":21,"column":34},"end":{"line":39,"column":1}}}},"branchMap":{"0":{"loc":{"start":{"line":11,"column":18},"end":{"line":11,"column":0}},"type":"cond-expr","locations":[{"start":{"line":11,"column":18},"end":{"line":11,"column":0}},{"start":{"line":11,"column":0},"end":{"line":null,"column":-1}}]},"1":{"loc":{"start":{"line":28,"column":9},"end":{"line":28,"column":8}},"type":"binary-expr","locations":[{"start":{"line":28,"column":9},"end":{"line":28,"column":8}},{"start":{"line":29,"column":8},"end":{"line":null,"column":-1}}]},"2":{"loc":{"start":{"line":43,"column":19},"end":{"line":43,"column":0}},"type":"cond-expr","locations":[{"start":{"line":43,"column":19},"end":{"line":43,"column":0}},{"start":{"line":43,"column":0},"end":{"line":null,"column":-1}}]}},"s":{"0":0,"1":0,"2":0,"3":0,"4":0,"5":0,"6":0,"7":0,"8":0,"9":0,"10":0,"11":0,"12":0},"f":{"0":0},"b":{"0":[0,0],"1":[0,0],"2":[0,0]}}
,"/Users/kderevenko/Documents/Shop/src/composables/Header/Header.styled.js": {"path":"/Users/kderevenko/Documents/Shop/src/composables/Header/Header.styled.js","statementMap":{"0":{"start":{"line":1,"column":0},"end":{"line":null,"column":-1}},"1":{"start":{"line":3,"column":13},"end":{"line":3,"column":7}},"2":{"start":{"line":9,"column":13},"end":{"line":9,"column":7}},"3":{"start":{"line":17,"column":13},"end":{"line":17,"column":7}},"4":{"start":{"line":21,"column":13},"end":{"line":21,"column":7}},"5":{"start":{"line":31,"column":13},"end":{"line":31,"column":7}}},"fnMap":{},"branchMap":{},"s":{"0":0,"1":0,"2":0,"3":0,"4":0,"5":0},"f":{},"b":{}}
,"/Users/kderevenko/Documents/Shop/src/composables/Master/Master.jsx": {"path":"/Users/kderevenko/Documents/Shop/src/composables/Master/Master.jsx","statementMap":{"0":{"start":{"line":1,"column":0},"end":{"line":null,"column":-1}},"1":{"start":{"line":2,"column":0},"end":{"line":null,"column":-1}},"2":{"start":{"line":4,"column":0},"end":{"line":null,"column":-1}},"3":{"start":{"line":6,"column":0},"end":{"line":null,"column":-1}},"4":{"start":{"line":8,"column":0},"end":{"line":null,"column":-1}},"5":{"start":{"line":10,"column":20},"end":{"line":10,"column":0}},"6":{"start":{"line":12,"column":0},"end":{"line":null,"column":-1}},"7":{"start":{"line":21,"column":21},"end":{"line":21,"column":0}},"8":{"start":{"line":25,"column":44},"end":{"line":25,"column":43}},"9":{"start":{"line":26,"column":2},"end":{"line":null,"column":-1}},"10":{"start":{"line":39,"column":0},"end":{"line":null,"column":-1}},"11":{"start":{"line":40,"column":0},"end":{"line":null,"column":-1}},"12":{"start":{"line":41,"column":0},"end":{"line":null,"column":-1}}},"fnMap":{"0":{"name":"Master","decl":{"start":{"line":25,"column":9},"end":{"line":25,"column":0}},"loc":{"start":{"line":25,"column":44},"end":{"line":37,"column":1}}}},"branchMap":{"0":{"loc":{"start":{"line":12,"column":18},"end":{"line":12,"column":0}},"type":"cond-expr","locations":[{"start":{"line":12,"column":18},"end":{"line":12,"column":0}},{"start":{"line":12,"column":0},"end":{"line":null,"column":-1}}]},"1":{"loc":{"start":{"line":40,"column":19},"end":{"line":40,"column":0}},"type":"cond-expr","locations":[{"start":{"line":40,"column":19},"end":{"line":40,"column":0}},{"start":{"line":40,"column":0},"end":{"line":null,"column":-1}}]}},"s":{"0":0,"1":0,"2":0,"3":0,"4":0,"5":0,"6":0,"7":0,"8":0,"9":0,"10":0,"11":0,"12":0},"f":{"0":0},"b":{"0":[0,0],"1":[0,0]}}
,"/Users/kderevenko/Documents/Shop/src/composables/Master/Master.styled.js": {"path":"/Users/kderevenko/Documents/Shop/src/composables/Master/Master.styled.js","statementMap":{"0":{"start":{"line":1,"column":0},"end":{"line":null,"column":-1}},"1":{"start":{"line":3,"column":13},"end":{"line":3,"column":7}},"2":{"start":{"line":9,"column":13},"end":{"line":9,"column":7}},"3":{"start":{"line":12,"column":13},"end":{"line":12,"column":7}}},"fnMap":{},"branchMap":{},"s":{"0":0,"1":0,"2":0,"3":0},"f":{},"b":{}}
,"/Users/kderevenko/Documents/Shop/src/reducers/cart.js": {"path":"/Users/kderevenko/Documents/Shop/src/reducers/cart.js","statementMap":{"0":{"start":{"line":1,"column":0},"end":{"line":null,"column":-1}},"1":{"start":{"line":2,"column":0},"end":{"line":null,"column":-1}},"2":{"start":{"line":3,"column":0},"end":{"line":null,"column":-1}},"3":{"start":{"line":5,"column":13},"end":{"line":5,"column":7}},"4":{"start":{"line":7,"column":13},"end":{"line":7,"column":0}},"5":{"start":{"line":9,"column":17},"end":{"line":null,"column":-1}},"6":{"start":{"line":14,"column":13},"end":{"line":14,"column":7}},"7":{"start":{"line":17,"column":13},"end":{"line":17,"column":7}},"8":{"start":{"line":20,"column":21},"end":{"line":19,"column":36}},"9":{"start":{"line":21,"column":20},"end":{"line":21,"column":6}},"10":{"start":{"line":22,"column":6},"end":{"line":null,"column":-1}},"11":{"start":{"line":25,"column":21},"end":{"line":24,"column":36}},"12":{"start":{"line":26,"column":20},"end":{"line":26,"column":6}},"13":{"start":{"line":27,"column":18},"end":{"line":27,"column":6}},"14":{"start":{"line":28,"column":6},"end":{"line":34,"column":7}},"15":{"start":{"line":29,"column":8},"end":{"line":33,"column":9}},"16":{"start":{"line":30,"column":10},"end":{"line":null,"column":-1}},"17":{"start":{"line":32,"column":10},"end":{"line":null,"column":-1}},"18":{"start":{"line":35,"column":6},"end":{"line":null,"column":-1}},"19":{"start":{"line":38,"column":21},"end":{"line":37,"column":35}},"20":{"start":{"line":39,"column":20},"end":{"line":39,"column":6}},"21":{"start":{"line":40,"column":6},"end":{"line":null,"column":-1}}},"fnMap":{"0":{"name":"(anonymous_0)","decl":{"start":{"line":9,"column":17},"end":{"line":9,"column":17}},"loc":{"start":{"line":9,"column":17},"end":{"line":7,"column":13}}},"1":{"name":"(anonymous_1)","decl":{"start":{"line":19,"column":17},"end":{"line":19,"column":17}},"loc":{"start":{"line":19,"column":36},"end":{"line":17,"column":24}}},"2":{"name":"(anonymous_2)","decl":{"start":{"line":24,"column":17},"end":{"line":24,"column":17}},"loc":{"start":{"line":24,"column":36},"end":{"line":17,"column":24}}},"3":{"name":"(anonymous_3)","decl":{"start":{"line":37,"column":16},"end":{"line":37,"column":16}},"loc":{"start":{"line":37,"column":35},"end":{"line":17,"column":24}}}},"branchMap":{"0":{"loc":{"start":{"line":9,"column":79},"end":{"line":9,"column":37}},"type":"cond-expr","locations":[{"start":{"line":9,"column":79},"end":{"line":9,"column":37}},{"start":{"line":9,"column":111},"end":{"line":9,"column":17}}]},"1":{"loc":{"start":{"line":22,"column":52},"end":{"line":22,"column":33}},"type":"cond-expr","locations":[{"start":{"line":22,"column":52},"end":{"line":22,"column":33}},{"start":{"line":22,"column":75},"end":{"line":22,"column":13}}]},"2":{"loc":{"start":{"line":28,"column":6},"end":{"line":34,"column":7}},"type":"if","locations":[{"start":{"line":28,"column":6},"end":{"line":34,"column":7}},{"start":{"line":28,"column":6},"end":{"line":34,"column":7}}]},"3":{"loc":{"start":{"line":29,"column":8},"end":{"line":33,"column":9}},"type":"if","locations":[{"start":{"line":29,"column":8},"end":{"line":33,"column":9}},{"start":{"line":29,"column":8},"end":{"line":33,"column":9}}]},"4":{"loc":{"start":{"line":40,"column":52},"end":{"line":40,"column":33}},"type":"cond-expr","locations":[{"start":{"line":40,"column":52},"end":{"line":40,"column":33}},{"start":{"line":40,"column":75},"end":{"line":40,"column":13}}]}},"s":{"0":0,"1":0,"2":0,"3":0,"4":0,"5":0,"6":0,"7":0,"8":0,"9":0,"10":0,"11":0,"12":0,"13":0,"14":0,"15":0,"16":0,"17":0,"18":0,"19":0,"20":0,"21":0},"f":{"0":0,"1":0,"2":0,"3":0},"b":{"0":[0,0],"1":[0,0],"2":[0,0],"3":[0,0],"4":[0,0]}}
,"/Users/kderevenko/Documents/Shop/src/reducers/products.js": {"path":"/Users/kderevenko/Documents/Shop/src/reducers/products.js","statementMap":{"0":{"start":{"line":1,"column":0},"end":{"line":null,"column":-1}},"1":{"start":{"line":2,"column":0},"end":{"line":null,"column":-1}},"2":{"start":{"line":3,"column":0},"end":{"line":null,"column":-1}},"3":{"start":{"line":4,"column":0},"end":{"line":null,"column":-1}},"4":{"start":{"line":6,"column":9},"end":{"line":6,"column":0}},"5":{"start":{"line":8,"column":13},"end":{"line":8,"column":7}},"6":{"start":{"line":10,"column":17},"end":{"line":10,"column":0}},"7":{"start":{"line":12,"column":39},"end":{"line":12,"column":38}},"8":{"start":{"line":12,"column":39},"end":{"line":null,"column":-1}},"9":{"start":{"line":10,"column":17},"end":{"line":null,"column":-1}}},"fnMap":{"0":{"name":"(anonymous_0)","decl":{"start":{"line":10,"column":17},"end":{"line":null,"column":-1}},"loc":{"start":{"line":10,"column":17},"end":{"line":14,"column":1}}},"1":{"name":"undefined","decl":{"start":{"line":12,"column":39},"end":{"line":12,"column":39}},"loc":{"start":{"line":12,"column":39},"end":{"line":null,"column":-1}}}},"branchMap":{},"s":{"0":0,"1":0,"2":0,"3":0,"4":0,"5":0,"6":0,"7":0,"8":0,"9":0},"f":{"0":0,"1":0},"b":{}}
,"/Users/kderevenko/Documents/Shop/src/reducers/user.js": {"path":"/Users/kderevenko/Documents/Shop/src/reducers/user.js","statementMap":{"0":{"start":{"line":1,"column":0},"end":{"line":null,"column":-1}},"1":{"start":{"line":2,"column":0},"end":{"line":null,"column":-1}},"2":{"start":{"line":3,"column":0},"end":{"line":null,"column":-1}},"3":{"start":{"line":5,"column":13},"end":{"line":5,"column":7}},"4":{"start":{"line":7,"column":13},"end":{"line":7,"column":0}},"5":{"start":{"line":9,"column":15},"end":{"line":9,"column":14}},"6":{"start":{"line":9,"column":15},"end":{"line":null,"column":-1}}},"fnMap":{"0":{"name":"(anonymous_0)","decl":{"start":{"line":9,"column":15},"end":{"line":9,"column":15}},"loc":{"start":{"line":9,"column":15},"end":{"line":7,"column":13}}}},"branchMap":{},"s":{"0":0,"1":0,"2":0,"3":0,"4":0,"5":0,"6":0},"f":{"0":0},"b":{}}
,"/Users/kderevenko/Documents/Shop/src/reducers/userInfo.js": {"path":"/Users/kderevenko/Documents/Shop/src/reducers/userInfo.js","statementMap":{"0":{"start":{"line":1,"column":0},"end":{"line":null,"column":-1}},"1":{"start":{"line":2,"column":0},"end":{"line":null,"column":-1}},"2":{"start":{"line":4,"column":13},"end":{"line":4,"column":7}},"3":{"start":{"line":6,"column":17},"end":{"line":6,"column":0}}},"fnMap":{},"branchMap":{},"s":{"0":0,"1":0,"2":0,"3":0},"f":{},"b":{}}
,"/Users/kderevenko/Documents/Shop/src/selectors/getCartProducts.js": {"path":"/Users/kderevenko/Documents/Shop/src/selectors/getCartProducts.js","statementMap":{"0":{"start":{"line":3,"column":24},"end":{"line":10,"column":1}},"1":{"start":{"line":4,"column":11},"end":{"line":4,"column":28}},"2":{"start":{"line":5,"column":11},"end":{"line":5,"column":32}},"3":{"start":{"line":7,"column":22},"end":{"line":7,"column":88}},"4":{"start":{"line":7,"column":49},"end":{"line":7,"column":87}},"5":{"start":{"line":8,"column":4},"end":{"line":8,"column":21}}},"fnMap":{"0":{"name":"(anonymous_0)","decl":{"start":{"line":4,"column":2},"end":{"line":4,"column":3}},"loc":{"start":{"line":4,"column":11},"end":{"line":4,"column":28}},"line":4},"1":{"name":"(anonymous_1)","decl":{"start":{"line":5,"column":2},"end":{"line":5,"column":3}},"loc":{"start":{"line":5,"column":11},"end":{"line":5,"column":32}},"line":5},"2":{"name":"(anonymous_2)","decl":{"start":{"line":6,"column":2},"end":{"line":6,"column":3}},"loc":{"start":{"line":6,"column":22},"end":{"line":9,"column":3}},"line":6},"3":{"name":"(anonymous_3)","decl":{"start":{"line":7,"column":38},"end":{"line":7,"column":39}},"loc":{"start":{"line":7,"column":49},"end":{"line":7,"column":87}},"line":7}},"branchMap":{},"s":{"0":1,"1":0,"2":0,"3":0,"4":0,"5":0},"f":{"0":0,"1":0,"2":0,"3":0},"b":{},"_coverageSchema":"332fd63041d2c1bcb487cc26dd0d5f7d97098a6c","hash":"41aee56b3ee46773a76226883f5fbcebe87cd9f6"}
,"/Users/kderevenko/Documents/Shop/src/selectors/getProduct.js": {"path":"/Users/kderevenko/Documents/Shop/src/selectors/getProduct.js","statementMap":{"0":{"start":{"line":3,"column":23},"end":{"line":3,"column":85}},"1":{"start":{"line":3,"column":29},"end":{"line":3,"column":85}},"2":{"start":{"line":3,"column":53},"end":{"line":3,"column":70}},"3":{"start":{"line":3,"column":80},"end":{"line":3,"column":84}}},"fnMap":{"0":{"name":"(anonymous_0)","decl":{"start":{"line":3,"column":23},"end":{"line":3,"column":24}},"loc":{"start":{"line":3,"column":29},"end":{"line":3,"column":85}},"line":3},"1":{"name":"(anonymous_1)","decl":{"start":{"line":3,"column":44},"end":{"line":3,"column":45}},"loc":{"start":{"line":3,"column":53},"end":{"line":3,"column":70}},"line":3},"2":{"name":"(anonymous_2)","decl":{"start":{"line":3,"column":72},"end":{"line":3,"column":73}},"loc":{"start":{"line":3,"column":80},"end":{"line":3,"column":84}},"line":3}},"branchMap":{},"s":{"0":1,"1":0,"2":0,"3":0},"f":{"0":0,"1":0,"2":0},"b":{},"_coverageSchema":"332fd63041d2c1bcb487cc26dd0d5f7d97098a6c","hash":"0f19f78751ffc151f3c25a9c81bf1c8b2d4efd95"}
,"/Users/kderevenko/Documents/Shop/src/selectors/getProducts.js": {"path":"/Users/kderevenko/Documents/Shop/src/selectors/getProducts.js","statementMap":{"0":{"start":{"line":3,"column":20},"end":{"line":3,"column":88}},"1":{"start":{"line":3,"column":44},"end":{"line":3,"column":65}},"2":{"start":{"line":3,"column":79},"end":{"line":3,"column":87}}},"fnMap":{"0":{"name":"(anonymous_0)","decl":{"start":{"line":3,"column":35},"end":{"line":3,"column":36}},"loc":{"start":{"line":3,"column":44},"end":{"line":3,"column":65}},"line":3},"1":{"name":"(anonymous_1)","decl":{"start":{"line":3,"column":67},"end":{"line":3,"column":68}},"loc":{"start":{"line":3,"column":79},"end":{"line":3,"column":87}},"line":3}},"branchMap":{},"s":{"0":1,"1":0,"2":0},"f":{"0":0,"1":0},"b":{},"_coverageSchema":"332fd63041d2c1bcb487cc26dd0d5f7d97098a6c","hash":"e754988685c56c90ae7938c8edcaba4f866ac8c3"}
,"/Users/kderevenko/Documents/Shop/src/selectors/getQuantity.js": {"path":"/Users/kderevenko/Documents/Shop/src/selectors/getQuantity.js","statementMap":{"0":{"start":{"line":3,"column":20},"end":{"line":3,"column":88}},"1":{"start":{"line":3,"column":44},"end":{"line":3,"column":65}},"2":{"start":{"line":3,"column":79},"end":{"line":3,"column":87}}},"fnMap":{"0":{"name":"(anonymous_0)","decl":{"start":{"line":3,"column":35},"end":{"line":3,"column":36}},"loc":{"start":{"line":3,"column":44},"end":{"line":3,"column":65}},"line":3},"1":{"name":"(anonymous_1)","decl":{"start":{"line":3,"column":67},"end":{"line":3,"column":68}},"loc":{"start":{"line":3,"column":79},"end":{"line":3,"column":87}},"line":3}},"branchMap":{},"s":{"0":1,"1":0,"2":0},"f":{"0":0,"1":0},"b":{},"_coverageSchema":"332fd63041d2c1bcb487cc26dd0d5f7d97098a6c","hash":"02bcf8400138215463a854e9ad9991fd8456ecc2"}
,"/Users/kderevenko/Documents/Shop/src/selectors/getTotal.js": {"path":"/Users/kderevenko/Documents/Shop/src/selectors/getTotal.js","statementMap":{"0":{"start":{"line":5,"column":17},"end":{"line":9,"column":6}},"1":{"start":{"line":6,"column":2},"end":{"line":9,"column":5}},"2":{"start":{"line":7,"column":17},"end":{"line":7,"column":39}},"3":{"start":{"line":8,"column":2},"end":{"line":8,"column":58}}},"fnMap":{"0":{"name":"(anonymous_0)","decl":{"start":{"line":5,"column":62},"end":{"line":5,"column":63}},"loc":{"start":{"line":6,"column":2},"end":{"line":9,"column":5}},"line":6},"1":{"name":"(anonymous_1)","decl":{"start":{"line":6,"column":22},"end":{"line":6,"column":23}},"loc":{"start":{"line":6,"column":39},"end":{"line":9,"column":1}},"line":6}},"branchMap":{},"s":{"0":1,"1":0,"2":0,"3":0},"f":{"0":0,"1":0},"b":{},"_coverageSchema":"332fd63041d2c1bcb487cc26dd0d5f7d97098a6c","hash":"67a528059124075f7b9fc51c94992c6c36bd3cf9"}
,"/Users/kderevenko/Documents/Shop/src/selectors/getUser.js": {"path":"/Users/kderevenko/Documents/Shop/src/selectors/getUser.js","statementMap":{"0":{"start":{"line":3,"column":16},"end":{"line":3,"column":72}},"1":{"start":{"line":3,"column":40},"end":{"line":3,"column":57}},"2":{"start":{"line":3,"column":67},"end":{"line":3,"column":71}}},"fnMap":{"0":{"name":"(anonymous_0)","decl":{"start":{"line":3,"column":31},"end":{"line":3,"column":32}},"loc":{"start":{"line":3,"column":40},"end":{"line":3,"column":57}},"line":3},"1":{"name":"(anonymous_1)","decl":{"start":{"line":3,"column":59},"end":{"line":3,"column":60}},"loc":{"start":{"line":3,"column":67},"end":{"line":3,"column":71}},"line":3}},"branchMap":{},"s":{"0":1,"1":0,"2":0},"f":{"0":0,"1":0},"b":{},"_coverageSchema":"332fd63041d2c1bcb487cc26dd0d5f7d97098a6c","hash":"1b5affdd0265edf31f8269860c99a8c7c7485cd7"}
,"/Users/kderevenko/Documents/Shop/src/selectors/getUserInfo.js": {"path":"/Users/kderevenko/Documents/Shop/src/selectors/getUserInfo.js","statementMap":{"0":{"start":{"line":3,"column":20},"end":{"line":3,"column":88}},"1":{"start":{"line":3,"column":44},"end":{"line":3,"column":65}},"2":{"start":{"line":3,"column":79},"end":{"line":3,"column":87}}},"fnMap":{"0":{"name":"(anonymous_0)","decl":{"start":{"line":3,"column":35},"end":{"line":3,"column":36}},"loc":{"start":{"line":3,"column":44},"end":{"line":3,"column":65}},"line":3},"1":{"name":"(anonymous_1)","decl":{"start":{"line":3,"column":67},"end":{"line":3,"column":68}},"loc":{"start":{"line":3,"column":79},"end":{"line":3,"column":87}},"line":3}},"branchMap":{},"s":{"0":1,"1":2,"2":2},"f":{"0":2,"1":2},"b":{},"_coverageSchema":"332fd63041d2c1bcb487cc26dd0d5f7d97098a6c","hash":"aa04219c321a8d560e9d4033f4b96d08f71860df"}
,"/Users/kderevenko/Documents/Shop/src/store/store.js": {"path":"/Users/kderevenko/Documents/Shop/src/store/store.js","statementMap":{"0":{"start":{"line":1,"column":0},"end":{"line":null,"column":-1}},"1":{"start":{"line":2,"column":0},"end":{"line":null,"column":-1}},"2":{"start":{"line":3,"column":0},"end":{"line":null,"column":-1}},"3":{"start":{"line":4,"column":0},"end":{"line":null,"column":-1}},"4":{"start":{"line":5,"column":0},"end":{"line":null,"column":-1}},"5":{"start":{"line":17,"column":0},"end":{"line":null,"column":-1}},"6":{"start":{"line":20,"column":25},"end":{"line":20,"column":0}},"7":{"start":{"line":22,"column":17},"end":{"line":22,"column":0}},"8":{"start":{"line":24,"column":13},"end":{"line":24,"column":7}},"9":{"start":{"line":32,"column":14},"end":{"line":32,"column":0}}},"fnMap":{},"branchMap":{"0":{"loc":{"start":{"line":20,"column":25},"end":{"line":20,"column":24}},"type":"binary-expr","locations":[{"start":{"line":20,"column":25},"end":{"line":20,"column":24}},{"start":{"line":20,"column":72},"end":{"line":20,"column":0}}]}},"s":{"0":0,"1":0,"2":0,"3":0,"4":0,"5":0,"6":0,"7":0,"8":0,"9":0},"f":{},"b":{"0":[0,0]}}
,"/Users/kderevenko/Documents/Shop/src/themes/base/base.js": {"path":"/Users/kderevenko/Documents/Shop/src/themes/base/base.js","statementMap":{"0":{"start":{"line":1,"column":13},"end":{"line":1,"column":0}}},"fnMap":{},"branchMap":{},"s":{"0":0},"f":{},"b":{}}
,"/Users/kderevenko/Documents/Shop/src/themes/whitelabel/whiteLabel.js": {"path":"/Users/kderevenko/Documents/Shop/src/themes/whitelabel/whiteLabel.js","statementMap":{"0":{"start":{"line":1,"column":0},"end":{"line":null,"column":-1}},"1":{"start":{"line":3,"column":6},"end":{"line":3,"column":0}}},"fnMap":{},"branchMap":{},"s":{"0":0,"1":0},"f":{},"b":{}}
}
