TN:
SF:/Users/kderevenko/Documents/Shop/src/App.jsx
FN:20,App
FN:29,(anonymous_2)
FN:29,render
FN:34,(anonymous_4)
FN:34,component
FNF:5
FNH:0
FNDA:0,App
FNDA:0,(anonymous_2)
FNDA:0,render
FNDA:0,(anonymous_4)
FNDA:0,component
DA:1,0
DA:2,0
DA:3,0
DA:4,0
DA:5,0
DA:6,0
DA:7,0
DA:8,0
DA:10,0
DA:12,0
DA:16,0
DA:20,0
DA:21,0
DA:29,0
DA:34,0
DA:44,0
DA:45,0
DA:46,0
LF:18
LH:0
BRDA:12,0,0,0
BRDA:12,0,1,0
BRDA:45,1,0,0
BRDA:45,1,1,0
BRF:4
BRH:0
end_of_record
TN:
SF:/Users/kderevenko/Documents/Shop/src/index.jsx
FNF:0
FNH:0
DA:1,0
DA:2,0
DA:3,0
DA:7,0
LF:4
LH:0
BRF:0
BRH:0
end_of_record
TN:
SF:/Users/kderevenko/Documents/Shop/src/actions/addToCart.js
FN:3,(anonymous_0)
FNF:1
FNH:1
FNDA:2,(anonymous_0)
DA:3,7
LF:1
LH:1
BRF:0
BRH:0
end_of_record
TN:
SF:/Users/kderevenko/Documents/Shop/src/actions/addUser.js
FN:3,(anonymous_0)
FNF:1
FNH:1
FNDA:2,(anonymous_0)
DA:3,7
LF:1
LH:1
BRF:0
BRH:0
end_of_record
TN:
SF:/Users/kderevenko/Documents/Shop/src/actions/fetchProducts.js
FN:5,(anonymous_0)
FN:9,(anonymous_1)
FN:9,(anonymous_2)
FNF:3
FNH:3
FNDA:3,(anonymous_0)
FNDA:4,(anonymous_1)
FNDA:3,(anonymous_2)
DA:5,7
DA:7,7
DA:9,7
DA:11,7
LF:4
LH:4
BRF:0
BRH:0
end_of_record
TN:
SF:/Users/kderevenko/Documents/Shop/src/actions/minusItem.js
FN:3,(anonymous_0)
FNF:1
FNH:1
FNDA:2,(anonymous_0)
DA:3,7
LF:1
LH:1
BRF:0
BRH:0
end_of_record
TN:
SF:/Users/kderevenko/Documents/Shop/src/actions/plusItem.js
FN:3,(anonymous_0)
FNF:1
FNH:1
FNDA:2,(anonymous_0)
DA:3,7
LF:1
LH:1
BRF:0
BRH:0
end_of_record
TN:
SF:/Users/kderevenko/Documents/Shop/src/components/controls/Button.js
FN:5,(anonymous_0)
FN:7,(anonymous_1)
FN:8,(anonymous_2)
FN:9,(anonymous_3)
FN:10,(anonymous_4)
FN:11,(anonymous_5)
FN:13,(anonymous_6)
FN:14,(anonymous_7)
FN:15,(anonymous_8)
FNF:9
FNH:0
FNDA:0,(anonymous_0)
FNDA:0,(anonymous_1)
FNDA:0,(anonymous_2)
FNDA:0,(anonymous_3)
FNDA:0,(anonymous_4)
FNDA:0,(anonymous_5)
FNDA:0,(anonymous_6)
FNDA:0,(anonymous_7)
FNDA:0,(anonymous_8)
DA:3,5
DA:5,0
DA:7,0
DA:8,0
DA:9,0
DA:10,0
DA:11,0
DA:13,0
DA:14,0
DA:15,0
LF:10
LH:1
BRF:0
BRH:0
end_of_record
TN:
SF:/Users/kderevenko/Documents/Shop/src/components/controls/input.js
FN:5,(anonymous_0)
FN:7,(anonymous_1)
FN:8,(anonymous_2)
FN:14,(anonymous_3)
FNF:4
FNH:0
FNDA:0,(anonymous_0)
FNDA:0,(anonymous_1)
FNDA:0,(anonymous_2)
FNDA:0,(anonymous_3)
DA:3,5
DA:5,0
DA:7,0
DA:8,0
DA:14,0
LF:5
LH:1
BRF:0
BRH:0
end_of_record
TN:
SF:/Users/kderevenko/Documents/Shop/src/components/pages/cart/Cart.jsx
FN:29,Cart
FN:54,(anonymous_1)
FNF:2
FNH:0
FNDA:0,Cart
FNDA:0,(anonymous_1)
DA:11,1
DA:13,1
DA:24,1
DA:39,0
DA:55,0
DA:94,1
DA:95,1
DA:96,1
LF:8
LH:6
BRDA:41,0,0,0
BRDA:41,0,1,0
BRDA:70,1,0,0
BRDA:70,1,1,0
BRDA:72,2,0,0
BRDA:72,2,1,0
BRDA:77,3,0,0
BRDA:77,3,1,0
BRDA:83,4,0,0
BRDA:83,4,1,0
BRF:10
BRH:0
end_of_record
TN:
SF:/Users/kderevenko/Documents/Shop/src/components/pages/cart/Cart.styled.js
FNF:0
FNH:0
DA:3,2
DA:7,2
DA:12,2
LF:3
LH:3
BRF:0
BRH:0
end_of_record
TN:
SF:/Users/kderevenko/Documents/Shop/src/components/pages/cart/CartContainer.js
FN:14,(anonymous_0)
FN:14,(anonymous_1)
FN:15,(anonymous_2)
FN:15,(anonymous_3)
FN:16,(anonymous_4)
FN:16,(anonymous_5)
FN:21,(anonymous_6)
FN:21,(anonymous_7)
FN:31,(anonymous_8)
FN:37,(anonymous_9)
FN:47,(anonymous_10)
FN:49,(anonymous_11)
FN:49,(anonymous_12)
FN:50,(anonymous_13)
FN:50,(anonymous_14)
FN:51,(anonymous_15)
FN:51,(anonymous_16)
FN:55,(anonymous_17)
FN:55,(anonymous_18)
FN:60,(anonymous_19)
FNF:20
FNH:8
FNDA:1,(anonymous_0)
FNDA:1,(anonymous_1)
FNDA:1,(anonymous_2)
FNDA:1,(anonymous_3)
FNDA:0,(anonymous_4)
FNDA:0,(anonymous_5)
FNDA:0,(anonymous_6)
FNDA:0,(anonymous_7)
FNDA:1,(anonymous_8)
FNDA:1,(anonymous_9)
FNDA:1,(anonymous_10)
FNDA:0,(anonymous_11)
FNDA:0,(anonymous_12)
FNDA:0,(anonymous_13)
FNDA:0,(anonymous_14)
FNDA:0,(anonymous_15)
FNDA:0,(anonymous_16)
FNDA:0,(anonymous_17)
FNDA:0,(anonymous_18)
FNDA:1,(anonymous_19)
DA:13,1
DA:14,1
DA:15,1
DA:16,0
DA:17,0
DA:18,0
DA:21,0
DA:22,0
DA:23,0
DA:27,1
DA:31,1
DA:37,1
DA:47,1
DA:49,0
DA:50,0
DA:51,0
DA:52,0
DA:53,0
DA:55,0
DA:56,0
DA:57,0
DA:60,1
LF:22
LH:8
BRF:0
BRH:0
end_of_record
TN:
SF:/Users/kderevenko/Documents/Shop/src/components/pages/category/Category.jsx
FN:20,Category
FN:31,(anonymous_1)
FNF:2
FNH:0
FNDA:0,Category
FNDA:0,(anonymous_1)
DA:8,1
DA:10,1
DA:16,1
DA:25,0
DA:27,0
DA:32,0
DA:39,1
DA:40,1
DA:41,1
LF:9
LH:6
BRDA:25,0,0,0
BRDA:25,0,1,0
BRF:2
BRH:0
end_of_record
TN:
SF:/Users/kderevenko/Documents/Shop/src/components/pages/category/Category.styled.js
FNF:0
FNH:0
DA:3,1
LF:1
LH:1
BRF:0
BRH:0
end_of_record
TN:
SF:/Users/kderevenko/Documents/Shop/src/components/pages/category/CategoryContainer.js
FN:12,(anonymous_0)
FN:12,(anonymous_1)
FN:15,(anonymous_2)
FN:15,(anonymous_3)
FN:23,(anonymous_4)
FN:27,(anonymous_5)
FN:41,(anonymous_6)
FNF:7
FNH:7
FNDA:2,(anonymous_0)
FNDA:2,(anonymous_1)
FNDA:1,(anonymous_2)
FNDA:1,(anonymous_3)
FNDA:1,(anonymous_4)
FNDA:1,(anonymous_5)
FNDA:1,(anonymous_6)
DA:11,1
DA:12,2
DA:13,2
DA:15,1
DA:16,1
DA:20,1
DA:23,1
DA:27,1
DA:38,1
DA:41,1
LF:10
LH:10
BRF:0
BRH:0
end_of_record
TN:
SF:/Users/kderevenko/Documents/Shop/src/components/pages/confirmation/Confirmation.jsx
FN:23,Confirmation
FN:44,(anonymous_1)
FNF:2
FNH:0
FNDA:0,Confirmation
FNDA:0,(anonymous_1)
DA:9,1
DA:11,1
DA:18,1
DA:29,0
DA:45,0
DA:70,1
DA:71,1
DA:72,1
LF:8
LH:6
BRDA:31,0,0,0
BRDA:31,0,1,0
BRDA:53,1,0,0
BRDA:53,1,1,0
BRF:4
BRH:0
end_of_record
TN:
SF:/Users/kderevenko/Documents/Shop/src/components/pages/confirmation/Confirmation.styled.js
FNF:0
FNH:0
DA:1,0
DA:3,0
LF:2
LH:0
BRF:0
BRH:0
end_of_record
TN:
SF:/Users/kderevenko/Documents/Shop/src/components/pages/confirmation/ConfirmationContainer.js
FN:14,(anonymous_0)
FN:21,(anonymous_1)
FNF:2
FNH:2
FNDA:1,(anonymous_0)
FNDA:1,(anonymous_1)
DA:11,1
DA:14,1
DA:21,1
LF:3
LH:3
BRF:0
BRH:0
end_of_record
TN:
SF:/Users/kderevenko/Documents/Shop/src/components/widgets/CartItem/CartItem.jsx
FN:12,CartItem
FNF:1
FNH:0
FNDA:0,CartItem
DA:6,4
DA:8,4
DA:22,0
DA:47,4
DA:48,4
LF:5
LH:4
BRDA:23,0,0,0
BRDA:23,0,1,0
BRDA:30,1,0,0
BRDA:30,1,1,0
BRF:4
BRH:0
end_of_record
TN:
SF:/Users/kderevenko/Documents/Shop/src/components/widgets/CartItem/CartItem.styled.js
FNF:0
FNH:0
DA:3,4
DA:6,4
DA:13,4
LF:3
LH:3
BRF:0
BRH:0
end_of_record
TN:
SF:/Users/kderevenko/Documents/Shop/src/components/widgets/CartItem/CartItemContainer.js
FN:17,(anonymous_0)
FN:17,(anonymous_1)
FN:18,(anonymous_2)
FN:18,(anonymous_3)
FNF:4
FNH:4
FNDA:2,(anonymous_0)
FNDA:2,(anonymous_1)
FNDA:1,(anonymous_2)
FNDA:1,(anonymous_3)
DA:8,4
DA:17,2
DA:18,1
LF:3
LH:3
BRF:0
BRH:0
end_of_record
TN:
SF:/Users/kderevenko/Documents/Shop/src/components/widgets/ProductItem/ProductItem.jsx
FN:15,ProductItem
FNF:1
FNH:0
FNDA:0,ProductItem
DA:8,4
DA:10,4
DA:18,0
DA:40,4
DA:41,4
LF:5
LH:4
BRDA:19,0,0,0
BRDA:19,0,1,0
BRF:2
BRH:0
end_of_record
TN:
SF:/Users/kderevenko/Documents/Shop/src/components/widgets/ProductItem/ProductItem.styled.js
FNF:0
FNH:0
DA:3,4
DA:8,4
DA:21,4
DA:25,4
DA:28,4
LF:5
LH:5
BRF:0
BRH:0
end_of_record
TN:
SF:/Users/kderevenko/Documents/Shop/src/components/widgets/ProductItem/ProductItemContainer.js
FN:14,(anonymous_0)
FN:14,(anonymous_1)
FNF:2
FNH:2
FNDA:1,(anonymous_0)
FNDA:1,(anonymous_1)
DA:7,4
DA:14,1
LF:2
LH:2
BRF:0
BRH:0
end_of_record
TN:
SF:/Users/kderevenko/Documents/Shop/src/composables/Footer/Footer.jsx
FN:11,Footer
FNF:1
FNH:1
FNDA:1,Footer
DA:5,5
DA:7,5
DA:9,5
DA:12,1
DA:19,5
DA:20,5
DA:21,5
LF:7
LH:7
BRF:0
BRH:0
end_of_record
TN:
SF:/Users/kderevenko/Documents/Shop/src/composables/Footer/Footer.styled.js
FNF:0
FNH:0
DA:3,5
LF:1
LH:1
BRF:0
BRH:0
end_of_record
TN:
SF:/Users/kderevenko/Documents/Shop/src/composables/Header/Header.jsx
FN:21,Header
FNF:1
FNH:1
FNDA:1,Header
DA:9,5
DA:11,5
DA:16,5
DA:22,1
DA:42,5
DA:43,5
DA:44,5
LF:7
LH:7
BRDA:28,0,0,1
BRDA:28,0,1,0
BRF:2
BRH:1
end_of_record
TN:
SF:/Users/kderevenko/Documents/Shop/src/composables/Header/Header.styled.js
FNF:0
FNH:0
DA:3,5
DA:9,5
DA:17,5
DA:21,5
DA:31,5
LF:5
LH:5
BRF:0
BRH:0
end_of_record
TN:
SF:/Users/kderevenko/Documents/Shop/src/composables/Master/Master.jsx
FN:25,Master
FNF:1
FNH:1
FNDA:1,Master
DA:10,4
DA:12,4
DA:21,4
DA:26,1
DA:39,4
DA:40,4
DA:41,4
LF:7
LH:7
BRF:0
BRH:0
end_of_record
TN:
SF:/Users/kderevenko/Documents/Shop/src/composables/Master/Master.styled.js
FNF:0
FNH:0
DA:3,4
DA:9,4
DA:12,4
LF:3
LH:3
BRF:0
BRH:0
end_of_record
TN:
SF:/Users/kderevenko/Documents/Shop/src/reducers/cart.js
FN:9,(anonymous_0)
FN:18,(anonymous_1)
FN:23,(anonymous_2)
FN:36,(anonymous_3)
FNF:4
FNH:0
FNDA:0,(anonymous_0)
FNDA:0,(anonymous_1)
FNDA:0,(anonymous_2)
FNDA:0,(anonymous_3)
DA:5,4
DA:7,4
DA:9,0
DA:14,4
DA:16,4
DA:19,0
DA:20,0
DA:21,0
DA:24,0
DA:25,0
DA:26,0
DA:27,0
DA:28,0
DA:29,0
DA:31,0
DA:34,0
DA:37,0
DA:38,0
DA:39,0
LF:19
LH:4
BRDA:9,0,0,0
BRDA:9,0,1,0
BRDA:21,1,0,0
BRDA:21,1,1,0
BRDA:27,2,0,0
BRDA:27,2,1,0
BRDA:28,3,0,0
BRDA:28,3,1,0
BRDA:39,4,0,0
BRDA:39,4,1,0
BRF:10
BRH:0
end_of_record
TN:
SF:/Users/kderevenko/Documents/Shop/src/reducers/products.js
FN:12,(anonymous_0)
FNF:1
FNH:1
FNDA:1,(anonymous_0)
DA:6,4
DA:8,4
DA:10,4
DA:12,1
LF:4
LH:4
BRF:0
BRH:0
end_of_record
TN:
SF:/Users/kderevenko/Documents/Shop/src/reducers/user.js
FN:9,(anonymous_0)
FNF:1
FNH:1
FNDA:1,(anonymous_0)
DA:5,4
DA:7,4
DA:9,1
LF:3
LH:3
BRF:0
BRH:0
end_of_record
TN:
SF:/Users/kderevenko/Documents/Shop/src/reducers/userInfo.js
FNF:0
FNH:0
DA:4,4
DA:6,4
LF:2
LH:2
BRF:0
BRH:0
end_of_record
TN:
SF:/Users/kderevenko/Documents/Shop/src/selectors/getCartProducts.js
FN:4,(anonymous_0)
FN:5,(anonymous_1)
FN:6,(anonymous_2)
FN:7,(anonymous_3)
FNF:4
FNH:4
FNDA:5,(anonymous_0)
FNDA:5,(anonymous_1)
FNDA:5,(anonymous_2)
FNDA:8,(anonymous_3)
DA:3,9
DA:4,5
DA:5,5
DA:7,8
DA:8,5
LF:5
LH:5
BRF:0
BRH:0
end_of_record
TN:
SF:/Users/kderevenko/Documents/Shop/src/selectors/getProduct.js
FN:3,(anonymous_0)
FN:3,(anonymous_1)
FN:3,(anonymous_2)
FNF:3
FNH:0
FNDA:0,(anonymous_0)
FNDA:0,(anonymous_1)
FNDA:0,(anonymous_2)
DA:3,7
LF:1
LH:1
BRF:0
BRH:0
end_of_record
TN:
SF:/Users/kderevenko/Documents/Shop/src/selectors/getProducts.js
FN:3,(anonymous_0)
FN:3,(anonymous_1)
FNF:2
FNH:2
FNDA:2,(anonymous_0)
FNDA:2,(anonymous_1)
DA:3,8
LF:1
LH:1
BRF:0
BRH:0
end_of_record
TN:
SF:/Users/kderevenko/Documents/Shop/src/selectors/getQuantity.js
FN:3,(anonymous_0)
FN:3,(anonymous_1)
FNF:2
FNH:2
FNDA:4,(anonymous_0)
FNDA:4,(anonymous_1)
DA:3,9
LF:1
LH:1
BRF:0
BRH:0
end_of_record
TN:
SF:/Users/kderevenko/Documents/Shop/src/selectors/getTotal.js
FN:5,(anonymous_0)
FN:6,(anonymous_1)
FNF:2
FNH:2
FNDA:3,(anonymous_0)
FNDA:2,(anonymous_1)
DA:5,8
DA:6,3
DA:7,2
DA:8,2
LF:4
LH:4
BRF:0
BRH:0
end_of_record
TN:
SF:/Users/kderevenko/Documents/Shop/src/selectors/getUser.js
FN:3,(anonymous_0)
FN:3,(anonymous_1)
FNF:2
FNH:2
FNDA:3,(anonymous_0)
FNDA:3,(anonymous_1)
DA:3,8
LF:1
LH:1
BRF:0
BRH:0
end_of_record
TN:
SF:/Users/kderevenko/Documents/Shop/src/selectors/getUserInfo.js
FN:3,(anonymous_0)
FN:3,(anonymous_1)
FNF:2
FNH:2
FNDA:4,(anonymous_0)
FNDA:4,(anonymous_1)
DA:3,8
LF:1
LH:1
BRF:0
BRH:0
end_of_record
TN:
SF:/Users/kderevenko/Documents/Shop/src/store/store.js
FNF:0
FNH:0
DA:20,3
DA:22,3
DA:24,3
DA:32,3
LF:4
LH:4
BRDA:20,0,0,3
BRDA:20,0,1,3
BRF:2
BRH:2
end_of_record
TN:
SF:/Users/kderevenko/Documents/Shop/src/themes/base/base.js
FNF:0
FNH:0
DA:1,0
LF:1
LH:0
BRF:0
BRH:0
end_of_record
TN:
SF:/Users/kderevenko/Documents/Shop/src/themes/whitelabel/whiteLabel.js
FNF:0
FNH:0
DA:1,0
DA:3,0
LF:2
LH:0
BRF:0
BRH:0
end_of_record
