TN:
SF:/Users/kderevenko/Documents/Shop/src/components/pages/cart/CartContainer.js
FN:14,(anonymous_0)
FN:14,(anonymous_1)
FN:15,(anonymous_2)
FN:15,(anonymous_3)
FN:16,(anonymous_4)
FN:16,(anonymous_5)
FN:21,(anonymous_6)
FN:21,(anonymous_7)
FN:31,(anonymous_8)
FN:37,(anonymous_9)
FN:47,(anonymous_10)
FN:49,(anonymous_11)
FN:49,(anonymous_12)
FN:50,(anonymous_13)
FN:50,(anonymous_14)
FN:51,(anonymous_15)
FN:51,(anonymous_16)
FN:55,(anonymous_17)
FN:55,(anonymous_18)
FN:60,(anonymous_19)
FNF:20
FNH:8
FNDA:1,(anonymous_0)
FNDA:1,(anonymous_1)
FNDA:1,(anonymous_2)
FNDA:1,(anonymous_3)
FNDA:0,(anonymous_4)
FNDA:0,(anonymous_5)
FNDA:0,(anonymous_6)
FNDA:0,(anonymous_7)
FNDA:1,(anonymous_8)
FNDA:1,(anonymous_9)
FNDA:1,(anonymous_10)
FNDA:0,(anonymous_11)
FNDA:0,(anonymous_12)
FNDA:0,(anonymous_13)
FNDA:0,(anonymous_14)
FNDA:0,(anonymous_15)
FNDA:0,(anonymous_16)
FNDA:0,(anonymous_17)
FNDA:0,(anonymous_18)
FNDA:1,(anonymous_19)
DA:13,1
DA:14,1
DA:15,1
DA:16,0
DA:17,0
DA:18,0
DA:21,0
DA:22,0
DA:23,0
DA:27,1
DA:31,1
DA:37,1
DA:47,1
DA:49,0
DA:50,0
DA:51,0
DA:52,0
DA:53,0
DA:55,0
DA:56,0
DA:57,0
DA:60,1
LF:22
LH:8
BRF:0
BRH:0
end_of_record
TN:
SF:/Users/kderevenko/Documents/Shop/src/components/pages/category/CategoryContainer.js
FN:12,(anonymous_0)
FN:12,(anonymous_1)
FN:15,(anonymous_2)
FN:15,(anonymous_3)
FN:23,(anonymous_4)
FN:27,(anonymous_5)
FN:41,(anonymous_6)
FNF:7
FNH:7
FNDA:2,(anonymous_0)
FNDA:2,(anonymous_1)
FNDA:1,(anonymous_2)
FNDA:1,(anonymous_3)
FNDA:1,(anonymous_4)
FNDA:1,(anonymous_5)
FNDA:1,(anonymous_6)
DA:11,1
DA:12,2
DA:13,2
DA:15,1
DA:16,1
DA:20,1
DA:23,1
DA:27,1
DA:38,1
DA:41,1
LF:10
LH:10
BRF:0
BRH:0
end_of_record
